Using pre-set license
Built from '2020.3/staging' branch; Version is '2020.3.10f1 (297d780c91bc) revision 2719096'; Using compiler version '192528614'; Build Type 'Release'
OS: 'Windows 10 Home; OS build 19042.1237; Version 2009; 64bit' Language: 'en' Physical Memory: 32637 MB
BatchMode: 1, IsHumanControllingUs: 0, StartBugReporterOnCrash: 0, Is64bit: 1, IsPro: 0

 COMMAND LINE ARGUMENTS:
C:\Program Files\Unity\Hub\Editor\2020.3.10f1\Editor\Unity.exe
-adb2
-batchMode
-noUpm
-name
AssetImportWorker0
-projectPath
F:/New folder/New Unity Project
-logFile
Logs/AssetImportWorker0.log
-srvPort
57639
Successfully changed project path to: F:/New folder/New Unity Project
F:/New folder/New Unity Project
Using Asset Import Pipeline V2.
Refreshing native plugins compatible for Editor in 48.60 ms, found 2 plugins.
Preloading 0 native plugins for Editor in 0.00 ms.
Initialize engine version: 2020.3.10f1 (297d780c91bc)
[Subsystems] Discovering subsystems at path C:/Program Files/Unity/Hub/Editor/2020.3.10f1/Editor/Data/Resources/UnitySubsystems
[Subsystems] Discovering subsystems at path F:/New folder/New Unity Project/Assets
GfxDevice: creating device client; threaded=0
Direct3D:
    Version:  Direct3D 11.0 [level 11.1]
    Renderer: NVIDIA GeForce GTX 1050 Ti (ID=0x1c82)
    Vendor:   
    VRAM:     4019 MB
    Driver:   30.0.14.7212
Initialize mono
Mono path[0] = 'C:/Program Files/Unity/Hub/Editor/2020.3.10f1/Editor/Data/Managed'
Mono path[1] = 'C:/Program Files/Unity/Hub/Editor/2020.3.10f1/Editor/Data/MonoBleedingEdge/lib/mono/unityjit'
Mono config path = 'C:/Program Files/Unity/Hub/Editor/2020.3.10f1/Editor/Data/MonoBleedingEdge/etc'
Using monoOptions --debugger-agent=transport=dt_socket,embedding=1,server=y,suspend=n,address=127.0.0.1:56736
Begin MonoManager ReloadAssembly
Registering precompiled unity dll's ...
Register platform support module: C:/Program Files/Unity/Hub/Editor/2020.3.10f1/Editor/Data/PlaybackEngines/WindowsStandaloneSupport/UnityEditor.WindowsStandalone.Extensions.dll
Registered in 0.002706 seconds.
Native extension for WindowsStandalone target not found
Refreshing native plugins compatible for Editor in 29.96 ms, found 2 plugins.
Preloading 0 native plugins for Editor in 0.00 ms.
Mono: successfully reloaded assembly
- Completed reload, in  1.373 seconds
Platform modules already initialized, skipping
Registering precompiled user dll's ...
Registered in 0.004929 seconds.
Begin MonoManager ReloadAssembly
Native extension for WindowsStandalone target not found
Refreshing native plugins compatible for Editor in 0.32 ms, found 2 plugins.
Preloading 0 native plugins for Editor in 0.00 ms.
Mono: successfully reloaded assembly
- Completed reload, in  1.224 seconds
Platform modules already initialized, skipping
========================================================================
Worker process is ready to serve import requests
Launched and connected shader compiler UnityShaderCompiler.exe after 0.07 seconds
Refreshing native plugins compatible for Editor in 0.35 ms, found 2 plugins.
Preloading 0 native plugins for Editor in 0.00 ms.
Unloading 1386 Unused Serialized files (Serialized files now loaded: 0)
System memory in use before: 64.7 MB.
System memory in use after: 64.8 MB.

Unloading 19 unused Assets to reduce memory usage. Loaded Objects now: 1819.
Total: 2.552200 ms (FindLiveObjects: 0.145300 ms CreateObjectMapping: 0.046400 ms MarkObjects: 2.268100 ms  DeleteObjects: 0.091000 ms)

========================================================================
Received Import Request.
  path: Assets/SkySerie Freebie/HighFantasy.mat
  artifactKey: Guid(e2341a9d03e86ec4290c72b1e22bbc7c) Importer(815301076,1909f56bfc062723c751e8b465ee728b)
Start importing Assets/SkySerie Freebie/HighFantasy.mat using Guid(e2341a9d03e86ec4290c72b1e22bbc7c) Importer(815301076,1909f56bfc062723c751e8b465ee728b)  -> (artifact id: '23d1460df69cb1eadb0c09e57e601539') in 0.307621 seconds
  Import took 0.312603 seconds .

========================================================================
Received Import Request.
  Time since last request: 0.000465 seconds.
  path: Assets/SkySerie Freebie/UnderTheSea4k.mat
  artifactKey: Guid(119ec07f1c7ed204db46bd8465fd5a50) Importer(815301076,1909f56bfc062723c751e8b465ee728b)
Start importing Assets/SkySerie Freebie/UnderTheSea4k.mat using Guid(119ec07f1c7ed204db46bd8465fd5a50) Importer(815301076,1909f56bfc062723c751e8b465ee728b)  -> (artifact id: 'a4e4e97a715eb8eff5c2957bcc70f6f0') in 0.049025 seconds
  Import took 0.053792 seconds .

========================================================================
Received Import Request.
  Time since last request: 0.000212 seconds.
  path: Assets/SkySerie Freebie/UnearthlyRed.mat
  artifactKey: Guid(5d133deeaa66ed445853e946ff25e073) Importer(815301076,1909f56bfc062723c751e8b465ee728b)
Start importing Assets/SkySerie Freebie/UnearthlyRed.mat using Guid(5d133deeaa66ed445853e946ff25e073) Importer(815301076,1909f56bfc062723c751e8b465ee728b)  -> (artifact id: '034b5464eb8b5a00fc6b3db63b728c2e') in 0.038489 seconds
  Import took 0.043520 seconds .

========================================================================
Received Import Request.
  Time since last request: 0.000260 seconds.
  path: Assets/SkySerie Freebie/CosmicCoolCloud.mat
  artifactKey: Guid(f531e09e2ad2fb440b4eed7605863143) Importer(815301076,1909f56bfc062723c751e8b465ee728b)
Start importing Assets/SkySerie Freebie/CosmicCoolCloud.mat using Guid(f531e09e2ad2fb440b4eed7605863143) Importer(815301076,1909f56bfc062723c751e8b465ee728b)  -> (artifact id: '63880b7a3fa59b8f99848cfe8f6cfe09') in 0.222188 seconds
  Import took 0.225496 seconds .

========================================================================
Received Import Request.
  Time since last request: 0.000315 seconds.
  path: Assets/SkySerie Freebie/SunlessCirruscover.mat
  artifactKey: Guid(4e154bf235e41704bbd6bbc6fd6c63f6) Importer(815301076,1909f56bfc062723c751e8b465ee728b)
Start importing Assets/SkySerie Freebie/SunlessCirruscover.mat using Guid(4e154bf235e41704bbd6bbc6fd6c63f6) Importer(815301076,1909f56bfc062723c751e8b465ee728b)  -> (artifact id: '0d8e28744d20ece833a32cfdba683f13') in 0.034630 seconds
  Import took 0.039972 seconds .

========================================================================
Received Import Request.
  Time since last request: 0.000330 seconds.
  path: Assets/SkySerie Freebie
  artifactKey: Guid(b046efdc665021948b019f72f9a4ea57) Importer(815301076,1909f56bfc062723c751e8b465ee728b)
Start importing Assets/SkySerie Freebie using Guid(b046efdc665021948b019f72f9a4ea57) Importer(815301076,1909f56bfc062723c751e8b465ee728b)  -> (artifact id: 'd22fed581570f8bed543a6906edf5d0c') in 0.010192 seconds
  Import took 0.012729 seconds .

========================================================================
Received Import Request.
  Time since last request: 0.000316 seconds.
  path: Assets/SkySerie Freebie/6SidedMegaSun.mat
  artifactKey: Guid(c52c5d7968fa6c9499b0b5752f899bfb) Importer(815301076,1909f56bfc062723c751e8b465ee728b)
Start importing Assets/SkySerie Freebie/6SidedMegaSun.mat using Guid(c52c5d7968fa6c9499b0b5752f899bfb) Importer(815301076,1909f56bfc062723c751e8b465ee728b)  -> (artifact id: 'b8b4be7f6d60dc408cb1cc1ad57ae67f') in 0.025567 seconds
  Import took 0.028309 seconds .

========================================================================
Received Import Request.
  Time since last request: 0.000298 seconds.
  path: Assets/SkySerie Freebie/DayInTheClouds.mat
  artifactKey: Guid(3e5399bd195de7649b874f58c1b9f8a3) Importer(815301076,1909f56bfc062723c751e8b465ee728b)
Start importing Assets/SkySerie Freebie/DayInTheClouds.mat using Guid(3e5399bd195de7649b874f58c1b9f8a3) Importer(815301076,1909f56bfc062723c751e8b465ee728b)  -> (artifact id: 'c11b10a37681a6c4bd0772a2b247a486') in 0.035945 seconds
  Import took 0.040832 seconds .

========================================================================
Received Import Request.
  Time since last request: 0.000310 seconds.
  path: Assets/SkySerie Freebie/6SidedFluffball.mat
  artifactKey: Guid(efd1c33efd2d58340b88804268e6833f) Importer(815301076,1909f56bfc062723c751e8b465ee728b)
Start importing Assets/SkySerie Freebie/6SidedFluffball.mat using Guid(efd1c33efd2d58340b88804268e6833f) Importer(815301076,1909f56bfc062723c751e8b465ee728b)  -> (artifact id: '011f9c61c35735fa1d07f187937420ef') in 0.030650 seconds
  Import took 0.033104 seconds .

========================================================================
Received Import Request.
  Time since last request: 0.000279 seconds.
  path: Assets/SkySerie Freebie/Cloudymorning.mat
  artifactKey: Guid(d9dca9ae1786c394f9e79c637aa9a7bf) Importer(815301076,1909f56bfc062723c751e8b465ee728b)
Start importing Assets/SkySerie Freebie/Cloudymorning.mat using Guid(d9dca9ae1786c394f9e79c637aa9a7bf) Importer(815301076,1909f56bfc062723c751e8b465ee728b)  -> (artifact id: '6af09fd466da4335a26b320574808b01') in 0.045629 seconds
  Import took 0.050663 seconds .

========================================================================
Received Import Request.
  Time since last request: 0.000316 seconds.
  path: Assets/SkySerie Freebie/CoriolisNight4k.mat
  artifactKey: Guid(d4454f71d85928744be7771e2143dab7) Importer(815301076,1909f56bfc062723c751e8b465ee728b)
Start importing Assets/SkySerie Freebie/CoriolisNight4k.mat using Guid(d4454f71d85928744be7771e2143dab7) Importer(815301076,1909f56bfc062723c751e8b465ee728b)  -> (artifact id: '9bb8cd57333affc9df041e53898a2087') in 0.034909 seconds
  Import took 0.039422 seconds .

========================================================================
Received Import Request.
  Time since last request: 0.000354 seconds.
  path: Assets/SkySerie Freebie/SkyhighFluffycloudField.mat
  artifactKey: Guid(f15c336556dd74f40aaca655f7767970) Importer(815301076,1909f56bfc062723c751e8b465ee728b)
Start importing Assets/SkySerie Freebie/SkyhighFluffycloudField.mat using Guid(f15c336556dd74f40aaca655f7767970) Importer(815301076,1909f56bfc062723c751e8b465ee728b)  -> (artifact id: '20a3a53430a49042f81a8b4d02277a29') in 0.036661 seconds
  Import took 0.042130 seconds .

========================================================================
Received Import Request.
  Time since last request: 0.000311 seconds.
  path: Assets/SkySerie Freebie/PlanetaryEarth.mat
  artifactKey: Guid(16bc8a9d5451ca44d8f70575adbece3a) Importer(815301076,1909f56bfc062723c751e8b465ee728b)
Start importing Assets/SkySerie Freebie/PlanetaryEarth.mat using Guid(16bc8a9d5451ca44d8f70575adbece3a) Importer(815301076,1909f56bfc062723c751e8b465ee728b)  -> (artifact id: '4af97cb89d4309e1d01e57ac494b7e5a') in 0.039476 seconds
  Import took 0.044409 seconds .

========================================================================
Received Import Request.
  Time since last request: 0.000322 seconds.
  path: Assets/SkySerie Freebie/DarkStorm.mat
  artifactKey: Guid(2039a0ad0a9d05549928b70362f54902) Importer(815301076,1909f56bfc062723c751e8b465ee728b)
Start importing Assets/SkySerie Freebie/DarkStorm.mat using Guid(2039a0ad0a9d05549928b70362f54902) Importer(815301076,1909f56bfc062723c751e8b465ee728b)  -> (artifact id: '707c0c4e4214f47be11d0708a2eaadc3') in 0.038420 seconds
  Import took 0.043380 seconds .

========================================================================
Received Import Request.
  Time since last request: 0.000268 seconds.
  path: Assets/SkySerie Freebie/AmbienceExposure.mat
  artifactKey: Guid(72deae4d18418f94688abef8e8483df0) Importer(815301076,1909f56bfc062723c751e8b465ee728b)
Start importing Assets/SkySerie Freebie/AmbienceExposure.mat using Guid(72deae4d18418f94688abef8e8483df0) Importer(815301076,1909f56bfc062723c751e8b465ee728b)  -> (artifact id: 'd16d9949c0484bdbd3bac0c7515c4fb6') in 0.012581 seconds
  Import took 0.015079 seconds .

========================================================================
Received Import Request.
  Time since last request: 0.000289 seconds.
  path: Assets/SkySerie Freebie/CloudedSunGlow.mat
  artifactKey: Guid(e391f00234292cc4f935308c11cf0e54) Importer(815301076,1909f56bfc062723c751e8b465ee728b)
Start importing Assets/SkySerie Freebie/CloudedSunGlow.mat using Guid(e391f00234292cc4f935308c11cf0e54) Importer(815301076,1909f56bfc062723c751e8b465ee728b)  -> (artifact id: '14711aef6e87c1ee3183cd62f71e69cd') in 0.032795 seconds
  Import took 0.037168 seconds .

========================================================================
Received Import Request.
  Time since last request: 0.000288 seconds.
  path: Assets/SkySerie Freebie/FluffballDay.mat
  artifactKey: Guid(20d4f77b9022eab48b4d94599ed4bf82) Importer(815301076,1909f56bfc062723c751e8b465ee728b)
Start importing Assets/SkySerie Freebie/FluffballDay.mat using Guid(20d4f77b9022eab48b4d94599ed4bf82) Importer(815301076,1909f56bfc062723c751e8b465ee728b)  -> (artifact id: 'b06a7d1eedf9760aac5f2ad02aaaaf59') in 0.033089 seconds
  Import took 0.037785 seconds .

========================================================================
Received Import Request.
  Time since last request: 0.000297 seconds.
  path: Assets/SkySerie Freebie/CasualDay.mat
  artifactKey: Guid(85cf0b004bc4a654b9e501efcce47902) Importer(815301076,1909f56bfc062723c751e8b465ee728b)
Start importing Assets/SkySerie Freebie/CasualDay.mat using Guid(85cf0b004bc4a654b9e501efcce47902) Importer(815301076,1909f56bfc062723c751e8b465ee728b)  -> (artifact id: '3023f97ef9d70dc9eb8c0b015fa8a2a2') in 0.035467 seconds
  Import took 0.040030 seconds .

========================================================================
Received Import Request.
  Time since last request: 0.000261 seconds.
  path: Assets/SkySerie Freebie/MegaSun.mat
  artifactKey: Guid(cede08c9fc471e64884909cd4bbeaf59) Importer(815301076,1909f56bfc062723c751e8b465ee728b)
Start importing Assets/SkySerie Freebie/MegaSun.mat using Guid(cede08c9fc471e64884909cd4bbeaf59) Importer(815301076,1909f56bfc062723c751e8b465ee728b)  -> (artifact id: '5a9af155bfd8ae5562d73b7d4d501d0e') in 0.037889 seconds
  Import took 0.042918 seconds .

========================================================================
Received Import Request.
  Time since last request: 21.168102 seconds.
  path: Assets/SkySerie Freebie/ExampleScenes/SceneObjects/Full.mat
  artifactKey: Guid(1b27a20a436b4c64b882a6f739bf91de) Importer(815301076,1909f56bfc062723c751e8b465ee728b)
Start importing Assets/SkySerie Freebie/ExampleScenes/SceneObjects/Full.mat using Guid(1b27a20a436b4c64b882a6f739bf91de) Importer(815301076,1909f56bfc062723c751e8b465ee728b)  -> (artifact id: 'ee0c05d29178b1214a939622f83acf40') in 0.026394 seconds
  Import took 0.037509 seconds .

========================================================================
Received Import Request.
  Time since last request: 17.609750 seconds.
  path: Assets/SkySerie Freebie/FreebieHdri/CosmicCoolCloudFront.hdr
  artifactKey: Guid(d822c5eff7d42f04691027bc8c2b0716) Importer(815301076,1909f56bfc062723c751e8b465ee728b)
Start importing Assets/SkySerie Freebie/FreebieHdri/CosmicCoolCloudFront.hdr using Guid(d822c5eff7d42f04691027bc8c2b0716) Importer(815301076,1909f56bfc062723c751e8b465ee728b)  -> (artifact id: '0fc648b99f979cb6e77b6404b5412fab') in 0.046943 seconds
  Import took 0.050041 seconds .

========================================================================
Received Import Request.
  Time since last request: 0.000426 seconds.
  path: Assets/SkySerie Freebie/FreebieHdri/CosmicCoolCloudBack.hdr
  artifactKey: Guid(a779becf00399924184cd13e046a100e) Importer(815301076,1909f56bfc062723c751e8b465ee728b)
Start importing Assets/SkySerie Freebie/FreebieHdri/CosmicCoolCloudBack.hdr using Guid(a779becf00399924184cd13e046a100e) Importer(815301076,1909f56bfc062723c751e8b465ee728b)  -> (artifact id: '9362e65210785ea0175e2a16a21fed0d') in 0.032008 seconds
  Import took 0.036899 seconds .

========================================================================
Received Import Request.
  Time since last request: 0.000288 seconds.
  path: Assets/SkySerie Freebie/FreebieHdri/CosmicCoolCloudRight.hdr
  artifactKey: Guid(438e868ac8cccca4e81873838a67c003) Importer(815301076,1909f56bfc062723c751e8b465ee728b)
Start importing Assets/SkySerie Freebie/FreebieHdri/CosmicCoolCloudRight.hdr using Guid(438e868ac8cccca4e81873838a67c003) Importer(815301076,1909f56bfc062723c751e8b465ee728b)  -> (artifact id: '5d8095588723dba6d0455ee9d18558d7') in 0.029783 seconds
  Import took 0.033009 seconds .

========================================================================
Received Import Request.
  Time since last request: 0.000427 seconds.
  path: Assets/SkySerie Freebie/FreebieHdri/CosmicCoolCloudBack.hdr
  artifactKey: Guid(a779becf00399924184cd13e046a100e) Importer(815301076,1909f56bfc062723c751e8b465ee728b)
Start importing Assets/SkySerie Freebie/FreebieHdri/CosmicCoolCloudBack.hdr using Guid(a779becf00399924184cd13e046a100e) Importer(815301076,1909f56bfc062723c751e8b465ee728b)  -> (artifact id: '9362e65210785ea0175e2a16a21fed0d') in 0.016203 seconds
  Import took 0.019851 seconds .

========================================================================
Received Import Request.
  Time since last request: 0.000287 seconds.
  path: Assets/SkySerie Freebie/FreebieHdri/CosmicCoolCloudTop.hdr
  artifactKey: Guid(a199da0432efa6a489df8883d1f3bfe0) Importer(815301076,1909f56bfc062723c751e8b465ee728b)
Start importing Assets/SkySerie Freebie/FreebieHdri/CosmicCoolCloudTop.hdr using Guid(a199da0432efa6a489df8883d1f3bfe0) Importer(815301076,1909f56bfc062723c751e8b465ee728b)  -> (artifact id: '8852ab8cecb67080e79bada1fcc06396') in 0.018289 seconds
  Import took 0.021761 seconds .

========================================================================
Received Import Request.
  Time since last request: 0.000114 seconds.
  path: Assets/SkySerie Freebie/FreebieHdri/CosmicCoolCloudLeft.hdr
  artifactKey: Guid(740f96d568f4f3e40b049c40f11603e5) Importer(815301076,1909f56bfc062723c751e8b465ee728b)
Start importing Assets/SkySerie Freebie/FreebieHdri/CosmicCoolCloudLeft.hdr using Guid(740f96d568f4f3e40b049c40f11603e5) Importer(815301076,1909f56bfc062723c751e8b465ee728b)  -> (artifact id: 'bbaa0cc0ff5d5f77b4d4630ac2d428f8') in 0.023075 seconds
  Import took 0.025932 seconds .

========================================================================
Received Import Request.
  Time since last request: 0.000255 seconds.
  path: Assets/SkySerie Freebie/FreebieHdri/CosmicCoolCloudFront.hdr
  artifactKey: Guid(d822c5eff7d42f04691027bc8c2b0716) Importer(815301076,1909f56bfc062723c751e8b465ee728b)
Start importing Assets/SkySerie Freebie/FreebieHdri/CosmicCoolCloudFront.hdr using Guid(d822c5eff7d42f04691027bc8c2b0716) Importer(815301076,1909f56bfc062723c751e8b465ee728b)  -> (artifact id: '0fc648b99f979cb6e77b6404b5412fab') in 0.019158 seconds
  Import took 0.022729 seconds .

========================================================================
Received Import Request.
  Time since last request: 0.000240 seconds.
  path: Assets/SkySerie Freebie/FreebieHdri/CosmicCoolCloudBottom.hdr
  artifactKey: Guid(94b877781ad034640abce933599b6f2e) Importer(815301076,1909f56bfc062723c751e8b465ee728b)
Start importing Assets/SkySerie Freebie/FreebieHdri/CosmicCoolCloudBottom.hdr using Guid(94b877781ad034640abce933599b6f2e) Importer(815301076,1909f56bfc062723c751e8b465ee728b)  -> (artifact id: '0c5d5bc35888bfb78e1189b78844cd74') in 0.029617 seconds
  Import took 0.034581 seconds .

========================================================================
Received Import Request.
  Time since last request: 0.000706 seconds.
  path: Assets/SkySerie Freebie/FreebieHdri/CosmicCoolCloudBottom.hdr
  artifactKey: Guid(94b877781ad034640abce933599b6f2e) Importer(815301076,1909f56bfc062723c751e8b465ee728b)
Start importing Assets/SkySerie Freebie/FreebieHdri/CosmicCoolCloudBottom.hdr using Guid(94b877781ad034640abce933599b6f2e) Importer(815301076,1909f56bfc062723c751e8b465ee728b)  -> (artifact id: '0c5d5bc35888bfb78e1189b78844cd74') in 0.020504 seconds
  Import took 0.024017 seconds .

========================================================================
Received Import Request.
  Time since last request: 4.520906 seconds.
  path: Assets/SkySerie Freebie/ExampleScenes/SceneObjects/8_10.mat
  artifactKey: Guid(964f6a34e2240bf45940918b112ce7be) Importer(815301076,1909f56bfc062723c751e8b465ee728b)
Start importing Assets/SkySerie Freebie/ExampleScenes/SceneObjects/8_10.mat using Guid(964f6a34e2240bf45940918b112ce7be) Importer(815301076,1909f56bfc062723c751e8b465ee728b)  -> (artifact id: '1d6b6e19d1a314314088ea53a0fe4b6d') in 0.019421 seconds
  Import took 0.022792 seconds .

========================================================================
Received Import Request.
  Time since last request: 0.000313 seconds.
  path: Assets/SkySerie Freebie/ExampleScenes/SceneObjects/4_10.mat
  artifactKey: Guid(db3bceb128d32144ca6fd4550ac256bc) Importer(815301076,1909f56bfc062723c751e8b465ee728b)
Start importing Assets/SkySerie Freebie/ExampleScenes/SceneObjects/4_10.mat using Guid(db3bceb128d32144ca6fd4550ac256bc) Importer(815301076,1909f56bfc062723c751e8b465ee728b)  -> (artifact id: 'edaac5f548ce941e21b1e5eb68eb222f') in 0.016112 seconds
  Import took 0.020026 seconds .

========================================================================
Received Import Request.
  Time since last request: 0.001675 seconds.
  path: Assets/SkySerie Freebie/ExampleScenes/SceneObjects/6_10.mat
  artifactKey: Guid(abcc3c67b7d0a794f8bb91be4e85abdd) Importer(815301076,1909f56bfc062723c751e8b465ee728b)
Start importing Assets/SkySerie Freebie/ExampleScenes/SceneObjects/6_10.mat using Guid(abcc3c67b7d0a794f8bb91be4e85abdd) Importer(815301076,1909f56bfc062723c751e8b465ee728b)  -> (artifact id: '88af9d8271d80e96bc8724b197514e57') in 0.022067 seconds
  Import took 0.027100 seconds .

========================================================================
Received Import Request.
  Time since last request: 0.000281 seconds.
  path: Assets/SkySerie Freebie/ExampleScenes/SceneObjects/2_10.mat
  artifactKey: Guid(eb10b6f571322b443bec8c532c088270) Importer(815301076,1909f56bfc062723c751e8b465ee728b)
Start importing Assets/SkySerie Freebie/ExampleScenes/SceneObjects/2_10.mat using Guid(eb10b6f571322b443bec8c532c088270) Importer(815301076,1909f56bfc062723c751e8b465ee728b)  -> (artifact id: '9b07dc508cee84cef22cb5663989c38c') in 0.028355 seconds
  Import took 0.031518 seconds .

========================================================================
Received Prepare
Registering precompiled user dll's ...
Registered in 0.007614 seconds.
Begin MonoManager ReloadAssembly
Native extension for WindowsStandalone target not found
Refreshing native plugins compatible for Editor in 0.34 ms, found 2 plugins.
Preloading 0 native plugins for Editor in 0.00 ms.
Mono: successfully reloaded assembly
- Completed reload, in  1.097 seconds
Platform modules already initialized, skipping
Refreshing native plugins compatible for Editor in 0.30 ms, found 2 plugins.
Preloading 0 native plugins for Editor in 0.00 ms.
Unloading 1382 Unused Serialized files (Serialized files now loaded: 0)
System memory in use before: 68.3 MB.
System memory in use after: 68.3 MB.

Unloading 14 unused Assets to reduce memory usage. Loaded Objects now: 1866.
Total: 1.892900 ms (FindLiveObjects: 0.130700 ms CreateObjectMapping: 0.037000 ms MarkObjects: 1.635300 ms  DeleteObjects: 0.088900 ms)

========================================================================
Received Import Request.
  Time since last request: 147.743395 seconds.
  path: Assets/ModularFirstPersonController
  artifactKey: Guid(f337f75dcdcb2d74aa02892daf0a4069) Importer(815301076,1909f56bfc062723c751e8b465ee728b)
Start importing Assets/ModularFirstPersonController using Guid(f337f75dcdcb2d74aa02892daf0a4069) Importer(815301076,1909f56bfc062723c751e8b465ee728b)  -> (artifact id: '790a379ae83860dc422e8aec9b2800c3') in 0.012835 seconds
  Import took 0.016267 seconds .

========================================================================
Received Import Request.
  Time since last request: 1.471380 seconds.
  path: Assets/ModularFirstPersonController/FirstPersonController
  artifactKey: Guid(f37b4faf82d1edb47811f804ec33f9da) Importer(815301076,1909f56bfc062723c751e8b465ee728b)
Start importing Assets/ModularFirstPersonController/FirstPersonController using Guid(f37b4faf82d1edb47811f804ec33f9da) Importer(815301076,1909f56bfc062723c751e8b465ee728b)  -> (artifact id: 'ff63d7d72f2b3a1f9d4f6f4757373b64') in 0.009733 seconds
  Import took 0.012622 seconds .

========================================================================
Received Import Request.
  Time since last request: 0.114868 seconds.
  path: Assets/ModularFirstPersonController/FirstPersonController/CircleReticle.png
  artifactKey: Guid(be4ce60e2c9768c44b9b10b9c5258045) Importer(815301076,1909f56bfc062723c751e8b465ee728b)
Start importing Assets/ModularFirstPersonController/FirstPersonController/CircleReticle.png using Guid(be4ce60e2c9768c44b9b10b9c5258045) Importer(815301076,1909f56bfc062723c751e8b465ee728b)  -> (artifact id: '77496d005cfebb7b64ace53e7e656ba7') in 0.062877 seconds
  Import took 0.065534 seconds .

========================================================================
Received Import Request.
  Time since last request: 0.000232 seconds.
  path: Assets/ModularFirstPersonController/FirstPersonController/FirstPersonController.prefab
  artifactKey: Guid(6bacecc4f3df9584198879c73a6b6c36) Importer(815301076,1909f56bfc062723c751e8b465ee728b)
Start importing Assets/ModularFirstPersonController/FirstPersonController/FirstPersonController.prefab using Guid(6bacecc4f3df9584198879c73a6b6c36) Importer(815301076,1909f56bfc062723c751e8b465ee728b)  -> (artifact id: '0707e01fd9aacb8411d818262a5d4d6f') in 0.055604 seconds
  Import took 0.058457 seconds .

========================================================================
Received Import Request.
  Time since last request: 2.381283 seconds.
  path: Assets/ModularFirstPersonController/DemoScene
  artifactKey: Guid(7d2c7648db4398a488c3e3a2d79fab5f) Importer(815301076,1909f56bfc062723c751e8b465ee728b)
Start importing Assets/ModularFirstPersonController/DemoScene using Guid(7d2c7648db4398a488c3e3a2d79fab5f) Importer(815301076,1909f56bfc062723c751e8b465ee728b)  -> (artifact id: '1d8d37ebc9b6aa06c8888a501cf664d3') in 0.011049 seconds
  Import took 0.013561 seconds .

========================================================================
Received Import Request.
  Time since last request: 0.863509 seconds.
  path: Assets/ModularFirstPersonController/DemoScene/Demo.unity
  artifactKey: Guid(0ad64d51bbe7a4e4a95431aaa463a3f0) Importer(815301076,1909f56bfc062723c751e8b465ee728b)
Start importing Assets/ModularFirstPersonController/DemoScene/Demo.unity using Guid(0ad64d51bbe7a4e4a95431aaa463a3f0) Importer(815301076,1909f56bfc062723c751e8b465ee728b)  -> (artifact id: '028044d31e1bacbbed8a496df3c9775c') in 0.017790 seconds
  Import took 0.020287 seconds .

========================================================================
Received Import Request.
  Time since last request: 18.223605 seconds.
  path: Assets/Test.unity
  artifactKey: Guid(1a6e15cbfefac8b47a209398b9b3473b) Importer(815301076,1909f56bfc062723c751e8b465ee728b)
Start importing Assets/Test.unity using Guid(1a6e15cbfefac8b47a209398b9b3473b) Importer(815301076,1909f56bfc062723c751e8b465ee728b)  -> (artifact id: 'e05feee67b91e734b9a3f49a35b54059') in 0.014076 seconds
  Import took 0.017476 seconds .

========================================================================
Received Import Request.
  Time since last request: 10.803027 seconds.
  path: Assets/Scenes
  artifactKey: Guid(5160a59ec1a22814bb5fd90aafbd681e) Importer(815301076,1909f56bfc062723c751e8b465ee728b)
Start importing Assets/Scenes using Guid(5160a59ec1a22814bb5fd90aafbd681e) Importer(815301076,1909f56bfc062723c751e8b465ee728b)  -> (artifact id: '627b1aef070dda2e237248639b1a547d') in 0.009925 seconds
  Import took 0.012624 seconds .

========================================================================
Received Import Request.
  Time since last request: 25.134323 seconds.
  path: Assets/Test.unity
  artifactKey: Guid(1a6e15cbfefac8b47a209398b9b3473b) Importer(815301076,1909f56bfc062723c751e8b465ee728b)
Start importing Assets/Test.unity using Guid(1a6e15cbfefac8b47a209398b9b3473b) Importer(815301076,1909f56bfc062723c751e8b465ee728b)  -> (artifact id: '8b44c0cd853e2cd6bff4a6a6267967cf') in 0.010176 seconds
  Import took 0.013160 seconds .

========================================================================
Received Prepare
Registering precompiled user dll's ...
Registered in 0.004729 seconds.
Begin MonoManager ReloadAssembly
Native extension for WindowsStandalone target not found
Refreshing native plugins compatible for Editor in 5.84 ms, found 2 plugins.
Preloading 0 native plugins for Editor in 0.00 ms.
Mono: successfully reloaded assembly
- Completed reload, in  1.472 seconds
Platform modules already initialized, skipping
Script is not up to date after domain reload: guid(85900fb5729b6db42a6e417ad0d4c0f2) path("Packages/com.unity.probuilder/Editor/EditorCore/TextureRotateTool.cs") state(2)
Script is not up to date after domain reload: guid(72b17ff6fd2249038e3d0e0d8969cef0) path("Packages/com.unity.probuilder/Editor/MenuActions/Geometry/MergeFaces.cs") state(2)
Script is not up to date after domain reload: guid(c2ff91a42b25c934da55ac7fa3b89db9) path("Packages/com.unity.probuilder/Editor/EditorCore/RepairActions.cs") state(2)
Script is not up to date after domain reload: guid(d790e5dd7e634bac936d5dc0e026ae20) path("Packages/com.unity.probuilder/Editor/MenuActions/Geometry/ExtrudeFaces.cs") state(2)
Script is not up to date after domain reload: guid(50cd975dde7f63e4780b557b46379820) path("Packages/com.unity.probuilder/Editor/EditorCore/EditorToolbar.cs") state(2)
Script is not up to date after domain reload: guid(5beb7cb1a6d016b4a856f5112f2048fd) path("Packages/com.unity.probuilder/Editor/EditorCore/UnwrapParametersEditor.cs") state(2)
Script is not up to date after domain reload: guid(57444c075000242ea99e263cee940de2) path("Packages/com.unity.probuilder/Runtime/Core/ColliderBehaviour.cs") state(2)
Script is not up to date after domain reload: guid(e95f50cd644f90741bb903cb56bcd67e) path("Packages/com.unity.probuilder/Editor/EditorCore/BezierSplineEditor.cs") state(2)
Script is not up to date after domain reload: guid(a61c5819f2b24f3fa336247228361725) path("Packages/com.unity.probuilder/Editor/MenuActions/Interaction/ToggleSelectBackFaces.cs") state(2)
Script is not up to date after domain reload: guid(ac19f03e418a945ba9d37c7d32e5cecb) path("Packages/com.unity.probuilder/Runtime/Core/Projection.cs") state(2)
Script is not up to date after domain reload: guid(48979d80dfe00104da221c9a1d70964a) path("Packages/com.unity.probuilder/Editor/EditorCore/VertexColorPalette.cs") state(2)
Script is not up to date after domain reload: guid(0c96b34c870fc49b6b189786a55e14ad) path("Packages/com.unity.probuilder/Runtime/Core/ActionResult.cs") state(2)
Script is not up to date after domain reload: guid(168b876617d5b904ab8d161bbcc20900) path("Packages/com.unity.probuilder/Editor/EditorCore/UVRenderOptions.cs") state(2)
Script is not up to date after domain reload: guid(0af7522e3732400388ebc019d869caf2) path("Packages/com.unity.probuilder/Editor/MenuActions/Editors/OpenVertexPositionEditor.cs") state(2)
Script is not up to date after domain reload: guid(c04d9be0543234e9cbb340e7ee259a5c) path("Packages/com.unity.probuilder/Runtime/Core/PreferenceDictionary.cs") state(2)
Script is not up to date after domain reload: guid(d42d456e720b1c5438d87059c69284bd) path("Packages/com.unity.probuilder/External/Poly2Tri/Triangulation/TriangulationConstraint.cs") state(2)
Script is not up to date after domain reload: guid(8459d3ed1cc648cba5015df2ff4850cb) path("Packages/com.unity.probuilder/Editor/MenuActions/Selection/SelectFaceRing.cs") state(2)
Script is not up to date after domain reload: guid(624538515085b4f498dc59dc27eb69ce) path("Packages/com.unity.probuilder/Editor/EditorCore/DrawShapeTool.cs") state(2)
Script is not up to date after domain reload: guid(d563a6b12a743cf4399b92cf5366da6f) path("Packages/com.unity.probuilder/External/Poly2Tri/Polygon/Polygon.cs") state(2)
Script is not up to date after domain reload: guid(881b617b0cb15574f93592b7b6a3e373) path("Packages/com.unity.probuilder/External/Poly2Tri/Triangulation/Delaunay/Sweep/DTSweepPointComparator.cs") state(2)
Script is not up to date after domain reload: guid(945d633938915ec42a2e6da38708d8b3) path("Packages/com.unity.probuilder/Runtime/Shapes/Door.cs") state(2)
Script is not up to date after domain reload: guid(cd856323da4211845ae7b4c7a54b294f) path("Packages/com.unity.probuilder/Runtime/Core/ProBuilderMeshFunction.cs") state(2)
Script is not up to date after domain reload: guid(b2832c5edf831bd45a81ea86f2f3c0db) path("Packages/com.unity.probuilder/Editor/EditorCore/MenuOption.cs") state(2)
Script is not up to date after domain reload: guid(e5d62e0d1462c4f02ae2aae1659cb748) path("Packages/com.unity.probuilder/Runtime/Core/ProBuilderSnapping.cs") state(2)
Script is not up to date after domain reload: guid(d3ba8385f1f540519a3524dceb13733b) path("Packages/com.unity.probuilder/Editor/MenuActions/Geometry/InsertEdgeLoop.cs") state(2)
Script is not up to date after domain reload: guid(e41489573d46a4d039759c1808b22f3a) path("Packages/com.unity.probuilder/Editor/EditorCore/UndoUtility.cs") state(2)
Script is not up to date after domain reload: guid(ec676d2a8ccecde4f8eb0d32aeaafb98) path("Packages/com.unity.probuilder/External/Poly2Tri/Triangulation/Delaunay/DelaunayTriangle.cs") state(2)
Script is not up to date after domain reload: guid(0ab80081d3e2f274ba76a692cdcfa8d9) path("Packages/com.unity.progrids/Editor/ProGridsEditor.cs") state(2)
Script is not up to date after domain reload: guid(9b24935f60532d7428cbcb5df316e359) path("Packages/com.unity.probuilder/Editor/MenuActions/Geometry/Extrude.cs") state(2)
Script is not up to date after domain reload: guid(a49dc64944b24efab4e8dda777a3211a) path("Packages/com.unity.probuilder/Editor/MenuActions/Selection/SelectEdgeRing.cs") state(2)
Script is not up to date after domain reload: guid(3a9ebc9851a2d8e4c868fa97dbbb35f6) path("Packages/com.unity.probuilder/Editor/EditorCore/IconUtility.cs") state(2)
Script is not up to date after domain reload: guid(9f21d9e5e308b409f9173967b37d19be) path("Packages/com.unity.probuilder/Runtime/Core/IntVec2.cs") state(2)
Script is not up to date after domain reload: guid(3208ba508d5e047c7bd843fc986a4f7a) path("Packages/com.unity.probuilder/Runtime/Core/MeshUtility.cs") state(2)
Script is not up to date after domain reload: guid(088aa88f028654951ae27130f3556aae) path("Packages/com.unity.probuilder/Runtime/Core/Submesh.cs") state(2)
Script is not up to date after domain reload: guid(4ca7e8f303d863c40930ccc1085e6990) path("Packages/com.unity.probuilder/Editor/EditorCore/Pref.cs") state(2)
Script is not up to date after domain reload: guid(ff4f787bd1deaee4d82db29948ed6099) path("Packages/com.unity.probuilder/Editor/EditorCore/BooleanEditor.cs") state(2)
Script is not up to date after domain reload: guid(6e4871d32a3aac4448c0c3f9e182f972) path("Packages/com.unity.probuilder/External/Poly2Tri/Triangulation/Orientation.cs") state(2)
Script is not up to date after domain reload: guid(ffea9638e10c9644aab23c2652f86279) path("Packages/com.unity.probuilder/Editor/EditorCore/TextureScaleTool.cs") state(2)
Script is not up to date after domain reload: guid(071d390610ea548df87a9c03c370ced2) path("Packages/com.unity.probuilder/Runtime/Core/IntVec3.cs") state(2)
Script is not up to date after domain reload: guid(8cefaab4396434cd9b6db510b6458a3d) path("Packages/com.unity.probuilder/Editor/EditorCore/ProBuilderEditorShortcuts.cs") state(2)
Script is not up to date after domain reload: guid(20257f54bb007a547b7cb64d633a1664) path("Packages/com.unity.probuilder/AssetIdRemapUtility/Editor/AssetIdRemapBuilderEditor.cs") state(2)
Script is not up to date after domain reload: guid(6965211c873de4048aa9043e5e287c73) path("Packages/com.unity.settings-manager/Editor/UserSettingsRepository.cs") state(2)
Script is not up to date after domain reload: guid(8707cf6fb25b1438b9a0f476f93a76fe) path("Packages/com.unity.settings-manager/Editor/ISettingsRepository.cs") state(2)
Script is not up to date after domain reload: guid(ffab696c539c4041848596918dd4590f) path("Packages/com.unity.probuilder/Editor/MenuActions/Object/MergeObjects.cs") state(2)
Script is not up to date after domain reload: guid(729d0f7265af462a8b41492704404f59) path("Packages/com.unity.probuilder/Editor/MenuActions/Geometry/TriangulateFaces.cs") state(2)
Script is not up to date after domain reload: guid(583290e7bd3b4094b5cd671ab87b7bb2) path("Packages/com.unity.probuilder/Editor/EditorCore/ProBuilderMeshPreview.cs") state(2)
Script is not up to date after domain reload: guid(876d5900da5ecbb4885bf2be031e50e8) path("Packages/com.unity.progrids/Tests/Runtime/IgnoreSnapConditionalAttribute.cs") state(2)
Script is not up to date after domain reload: guid(aaf91fe98a345dc46b1839d422f87be2) path("Packages/com.unity.probuilder/Editor/EditorCore/EditorShapeUtility.cs") state(2)
Script is not up to date after domain reload: guid(afd663fb17a03f749915886536580b91) path("Packages/com.unity.probuilder/Editor/EditorCore/Model.cs") state(2)
Script is not up to date after domain reload: guid(589c2adb27cec4b26849162d3b624642) path("Packages/com.unity.probuilder/Editor/EditorCore/ProbuilderScaleTool.cs") state(2)
Script is not up to date after domain reload: guid(97626f417dcf4f68a68db312995f9e6b) path("Packages/com.unity.probuilder/Editor/MenuActions/Geometry/ExtrudeEdges.cs") state(2)
Script is not up to date after domain reload: guid(62ca02619442b364a81cca5a30c687d4) path("Packages/com.unity.progrids/Editor/Changelog.cs") state(2)
Script is not up to date after domain reload: guid(d1e5ea3aa2689d948af3903d68647ca0) path("Packages/com.unity.probuilder/Editor/EditorCore/UVEditor.cs") state(2)
Script is not up to date after domain reload: guid(d3c815396f3a64c2d925a2100e08e093) path("Packages/com.unity.settings-manager/Editor/Settings.cs") state(2)
Script is not up to date after domain reload: guid(a00a369d82c4f7f47ae4dc5c2be474b8) path("Packages/com.unity.progrids/Runtime/IgnoreSnapAttribute.cs") state(2)
Script is not up to date after domain reload: guid(924ccbaae96a57b438f256c6e54c1df8) path("Packages/com.unity.probuilder/Editor/MenuActions/Selection/SelectLoop.cs") state(2)
Script is not up to date after domain reload: guid(e0a94bc67627046b3a6a1f7ebfeafa2a) path("Packages/com.unity.progrids/Editor/PlayModeStateListener.cs") state(2)
Script is not up to date after domain reload: guid(3ee68c576d0d746729c62f6561e44b27) path("Packages/com.unity.probuilder/Runtime/Shapes/Cylinder.cs") state(2)
Script is not up to date after domain reload: guid(14789abc21c8f4551995149f67010e23) path("Packages/com.unity.probuilder/External/CSG/Classes/Model.cs") state(2)
Script is not up to date after domain reload: guid(90907e6bfb6afd145986768f6095c76d) path("Packages/com.unity.probuilder/Editor/EditorCore/PreferencesUpdater.cs") state(2)
Script is not up to date after domain reload: guid(136c7ff4a0ec419280b8df0d260180d0) path("Packages/com.unity.probuilder/External/CSG/CSG.cs") state(2)
Script is not up to date after domain reload: guid(0b49a83783b3e5944b25d6c66eaa11e9) path("Packages/com.unity.probuilder/Runtime/Core/Math.cs") state(2)
Script is not up to date after domain reload: guid(cd0eb60dd72b74385a28317c44ac6377) path("Packages/com.unity.probuilder/Runtime/Core/Face.cs") state(2)
Script is not up to date after domain reload: guid(a419cef8f67fa48b8a2420ecc4ea4936) path("Packages/com.unity.probuilder/Runtime/Core/MaterialUtility.cs") state(2)
Script is not up to date after domain reload: guid(72b3f039440c77d4694f2f4e12ab229a) path("Packages/com.unity.probuilder/Editor/EditorCore/SelectionUtility.cs") state(2)
Script is not up to date after domain reload: guid(a17a8a25b5ef051479efd66b56f58823) path("Packages/com.unity.probuilder/Editor/EditorCore/EditorUtility.cs") state(2)
Script is not up to date after domain reload: guid(99a28d28a160b4da78802caf2a3484a0) path("Packages/com.unity.probuilder/Editor/EditorCore/EditShapeTool.cs") state(2)
Script is not up to date after domain reload: guid(146403a091a2c4d61976892730fa0c8d) path("Packages/com.unity.probuilder/Runtime/MeshOperations/Triangulation.cs") state(2)
Script is not up to date after domain reload: guid(19a5e9b3c4e58415bbdc5ea80c5ba88f) path("Packages/com.unity.probuilder/Runtime/Core/WingedEdge.cs") state(2)
Script is not up to date after domain reload: guid(daa26ef7aa9c82a47a06ddb6eefc0674) path("Packages/com.unity.probuilder/AssetIdRemapUtility/Editor/AssetIdRemapBuilderTreeView.cs") state(2)
Script is not up to date after domain reload: guid(71cfb4d65045470facb2a2e1e41bec03) path("Packages/com.unity.probuilder/Editor/MenuActions/Geometry/FlipFaceNormals.cs") state(2)
Script is not up to date after domain reload: guid(563a1db348c114475a2d8289cc3e5a84) path("Packages/com.unity.probuilder/Runtime/Core/Edge.cs") state(2)
Script is not up to date after domain reload: guid(99e7c5113a4eb574398293fbd74a61a6) path("Packages/com.unity.probuilder/Editor/EditorCore/ObjExporter.cs") state(2)
Script is not up to date after domain reload: guid(12d2df8ff0d1e417e97df69e20c4c81b) path("Packages/com.unity.probuilder/Runtime/MeshOperations/MeshValidation.cs") state(2)
Script is not up to date after domain reload: guid(6832442ae76f440d9a8a532b98ebfc57) path("Packages/com.unity.probuilder/Editor/EditorCore/EditorMaterialUtility.cs") state(2)
Script is not up to date after domain reload: guid(1376ed33245911e48ab91c560798f510) path("Packages/com.unity.probuilder/Editor/MenuActions/Object/SetCollider.cs") state(2)
Script is not up to date after domain reload: guid(1fa9c1c880d9b724f978f610d18852e7) path("Packages/com.unity.probuilder/Editor/EditorCore/SmoothGroupEditor.cs") state(2)
Script is not up to date after domain reload: guid(e835b73676a6e469aaac98a8b9ff3a48) path("Packages/com.unity.progrids/Tests/Editor/SnapOnSelectedAxisOnly.cs") state(2)
Script is not up to date after domain reload: guid(9652f5ea32e3966499300efa0597ba92) path("Packages/com.unity.probuilder/External/Poly2Tri/Triangulation/Util/PolygonGenerator.cs") state(2)
Script is not up to date after domain reload: guid(48543f8899b046f69c530e1c1a54e5cd) path("Packages/com.unity.probuilder/Runtime/Core/ShapeGenerator.cs") state(2)
Script is not up to date after domain reload: guid(361cb9f8460027f4a88a1b9610de18c0) path("Packages/com.unity.progrids/Editor/ScenePreferencesWindow.cs") state(2)
Script is not up to date after domain reload: guid(5ef681a72ba0a044aa8da69030116d54) path("Packages/com.unity.probuilder/Runtime/Shapes/Cone.cs") state(2)
Script is not up to date after domain reload: guid(65392811987f9438d8e3d2510255814f) path("Packages/com.unity.probuilder/Runtime/Core/BuiltinMaterials.cs") state(2)
Script is not up to date after domain reload: guid(2734476e9b233c14987be5fbd0b43264) path("Packages/com.unity.probuilder/Runtime/Core/MeshHandles.cs") state(2)
Script is not up to date after domain reload: guid(df1c6ba8c6074cd4872ff79d66cc49f5) path("Packages/com.unity.probuilder/Editor/MenuActions/Selection/SelectFaceLoop.cs") state(2)
Script is not up to date after domain reload: guid(319d9808ed35cae4ca212b4b97a9ee0b) path("Packages/com.unity.probuilder/External/Poly2Tri/Triangulation/TriangulationMode.cs") state(2)
Script is not up to date after domain reload: guid(8e1eca4be91601347969177c85897f52) path("Packages/com.unity.probuilder/Editor/EditorCore/IconImporter.cs") state(2)
Script is not up to date after domain reload: guid(8c1d6bd74068a5242b4a72adf38b704b) path("Packages/com.unity.probuilder/Editor/EditorCore/PreferencesInternal.cs") state(2)
Script is not up to date after domain reload: guid(fdbc8889effe4c9e82971613ad25e182) path("Packages/com.unity.probuilder/Editor/MenuActions/Selection/SelectVertexColor.cs") state(2)
Script is not up to date after domain reload: guid(1f8949d910842a4418d15c6bc1749be5) path("Packages/com.unity.progrids/Editor/SemVer.cs") state(2)
Script is not up to date after domain reload: guid(601f62929862ecb48956dc2dca0a2498) path("Packages/com.unity.probuilder/External/KdTree/KdTreeLib/NearestNeighbourList.cs") state(2)
Script is not up to date after domain reload: guid(05147f3a976fb174d987bc71dc70dee2) path("Packages/com.unity.probuilder/Editor/EditorCore/MenuItems.cs") state(2)
Script is not up to date after domain reload: guid(0baa0b710695b7441836813416aa41af) path("Packages/com.unity.probuilder/Editor/MenuActions/Interaction/ToggleXRay.cs") state(2)
Script is not up to date after domain reload: guid(066d50a96f4a480fac834bf3b64a8c26) path("Packages/com.unity.probuilder/Editor/MenuActions/Geometry/BridgeEdges.cs") state(2)
Script is not up to date after domain reload: guid(6ccb8b5f00388f545b4b986d5149d926) path("Packages/com.unity.probuilder/External/Poly2Tri/Triangulation/TriangulationDebugContext.cs") state(2)
Script is not up to date after domain reload: guid(9264fc220d4aaf645b44e788499db0db) path("Packages/com.unity.probuilder/Editor/EditorCore/MenuAction.cs") state(2)
Script is not up to date after domain reload: guid(287e3d97419a8431098a54977c657d14) path("Packages/com.unity.probuilder/Runtime/Core/UvUnwrapping.cs") state(2)
Script is not up to date after domain reload: guid(c3adccdd46845df47a5d11429dac1f82) path("Packages/com.unity.probuilder/Editor/EditorCore/EditorMeshUtility.cs") state(2)
Script is not up to date after domain reload: guid(1ececafedc41a4b4bb1be308a1512857) path("Packages/com.unity.probuilder/Editor/EditorCore/DimensionsEditor.cs") state(2)
Script is not up to date after domain reload: guid(3834e980d6387ed4eb6bb9461aba647f) path("Packages/com.unity.probuilder/Runtime/Shapes/Pipe.cs") state(2)
Script is not up to date after domain reload: guid(487d22f1515eb1740a43a577b39ab977) path("Packages/com.unity.probuilder/Runtime/Shapes/Sprite.cs") state(2)
Script is not up to date after domain reload: guid(0dc75b34a006d47f48c004031e6ef14d) path("Packages/com.unity.settings-manager/Editor/UserSettingsProvider.cs") state(2)
Script is not up to date after domain reload: guid(906ae4b0ce907194cb4d1d255e03675b) path("Packages/com.unity.probuilder/External/Poly2Tri/Triangulation/Sets/PointSet.cs") state(2)
Script is not up to date after domain reload: guid(396694d6dbd4734419cea5be4a942c9a) path("Packages/com.unity.probuilder/External/StlExporter/Code/pb_Stl.cs") state(2)
Script is not up to date after domain reload: guid(cc401b52b64c4b7b87078d8ae3e29b68) path("Packages/com.unity.probuilder/Editor/MenuActions/Export/ExportAsset.cs") state(2)
Script is not up to date after domain reload: guid(72ae47ebb978a4f6fad1a2ba92c3c110) path("Packages/com.unity.probuilder/Runtime/Core/ObjectPool.cs") state(2)
Script is not up to date after domain reload: guid(054265503d1c00b4ebd680d24b2fae37) path("Packages/com.unity.probuilder/Runtime/Shapes/Sphere.cs") state(2)
Script is not up to date after domain reload: guid(77b34bf9fb2a49f6a5d0d0117bcc4c46) path("Packages/com.unity.probuilder/Editor/MenuActions/Selection/GrowSelection.cs") state(2)
Script is not up to date after domain reload: guid(8e2e054ed623847d29efb1262605e8ef) path("Packages/com.unity.settings-manager/Editor/PackageSettingsRepository.cs") state(2)
Script is not up to date after domain reload: guid(09802f6381a8fb2478f18a624b459ff8) path("Packages/com.unity.probuilder/Editor/EditorCore/IHasPreferences.cs") state(2)
Script is not up to date after domain reload: guid(dfce99e9d622b416d8522fc504aa4459) path("Packages/com.unity.probuilder/Runtime/Core/FaceRebuildData.cs") state(2)
Script is not up to date after domain reload: guid(2e82491da45686848bf17df39975ff3c) path("Packages/com.unity.probuilder/Editor/EditorCore/EditorToolbarMenuItems.cs") state(2)
Script is not up to date after domain reload: guid(89809d92ed2419a43b46b08b6f4237ba) path("Packages/com.unity.probuilder/Editor/EditorCore/VersionValidator.cs") state(2)
Script is not up to date after domain reload: guid(1ca002da428252441b92f28d83c8a65f) path("Packages/com.unity.probuilder/Runtime/Shapes/ProBuilderShape.cs") state(2)
Script is not up to date after domain reload: guid(2197ea2611109104aa25635ed7b59bcb) path("Packages/com.unity.probuilder/Editor/EditorCore/DestroyListener.cs") state(2)
Script is not up to date after domain reload: guid(2e52c205e35f30d4c81ff62d3f94e234) path("Packages/com.unity.probuilder/Runtime/Core/HandleOrientation.cs") state(2)
Script is not up to date after domain reload: guid(9e11b000caeb5451a8d9160606edb8e5) path("Packages/com.unity.probuilder/Runtime/Core/InternalUtility.cs") state(2)
Script is not up to date after domain reload: guid(561f179dea8740f41a4a539592427f2b) path("Packages/com.unity.probuilder/Addons/Fbx.cs") state(2)
Script is not up to date after domain reload: guid(bb4dcd11679b340ee8a7afb51cb0ccfc) path("Packages/com.unity.probuilder/External/KdTree/KdTreeLib/AssemblyInfo.cs") state(2)
Script is not up to date after domain reload: guid(1c567d9c5b825d24ba6a00bef45ec0dc) path("Packages/com.unity.probuilder/Runtime/Core/Changelog.cs") state(2)
Script is not up to date after domain reload: guid(df3a4cb75c674491b6a359529d7fbd82) path("Packages/com.unity.probuilder/Editor/MenuActions/Interaction/ToggleDragSelectionMode.cs") state(2)
Script is not up to date after domain reload: guid(7208f6e564fc928478322837a693d724) path("Packages/com.unity.probuilder/Editor/EditorCore/TooltipContent.cs") state(2)
Script is not up to date after domain reload: guid(a88380604e5234adaa98158c5e10950c) path("Packages/com.unity.probuilder/Runtime/Core/HandleConstraint2D.cs") state(2)
Script is not up to date after domain reload: guid(31b2d23ee6bb16a42bdc704a0b1df42c) path("Packages/com.unity.probuilder/Editor/EditorCore/EditorHandleUtility.cs") state(2)
Script is not up to date after domain reload: guid(daab597c96b98b840aff1e885c4ca0f0) path("Packages/com.unity.probuilder/Runtime/Core/SemVer.cs") state(2)
Script is not up to date after domain reload: guid(a6bc50937fe34666940ca23931be5344) path("Packages/com.unity.probuilder/Editor/MenuActions/Geometry/SetPivotToSelection.cs") state(2)
Script is not up to date after domain reload: guid(dda436a9c8bbd4d109478acf25cd48d8) path("Packages/com.unity.probuilder/Runtime/Core/ColorPalette.cs") state(2)
Script is not up to date after domain reload: guid(da5baec4bf414efb91d2253bef40dd19) path("Packages/com.unity.probuilder/Editor/MenuActions/Geometry/SmartSubdivide.cs") state(2)
Script is not up to date after domain reload: guid(b360b08870ee97249b28c408f0d1e0d8) path("Packages/com.unity.probuilder/Editor/EditorCore/FileUtility.cs") state(2)
Script is not up to date after domain reload: guid(4ac8731d7c634e5489628370b54f476c) path("Packages/com.unity.probuilder/Runtime/Core/SharedVertex.cs") state(2)
Script is not up to date after domain reload: guid(31c962280094e7146b53cd8abdfa5957) path("Packages/com.unity.progrids/Runtime/IgnoreSnap.cs") state(2)
Script is not up to date after domain reload: guid(66b1c4a9ec825c7458f935aae34d66b1) path("Packages/com.unity.progrids/Editor/ToggleContent.cs") state(2)
Script is not up to date after domain reload: guid(131b1d3bbc440834c88a294085679174) path("Packages/com.unity.probuilder/Runtime/Shapes/Torus.cs") state(2)
Script is not up to date after domain reload: guid(9b0cf5260e6d70b428dab29748b1b3fe) path("Packages/com.unity.probuilder/Runtime/Core/Normal.cs") state(2)
Script is not up to date after domain reload: guid(87dbab7c5aec0498a8ef34d8490bc9f6) path("Packages/com.unity.probuilder/Editor/EditorCore/ProbuilderRotateTool.cs") state(2)
Script is not up to date after domain reload: guid(4cc9cf63877040dea25dc65e54f3c9d5) path("Packages/com.unity.probuilder/Editor/EditorCore/ShapeMenuItems.cs") state(2)
Script is not up to date after domain reload: guid(69fbd00be8d904b3da640e502905c345) path("Packages/com.unity.probuilder/Runtime/Core/Entity.cs") state(2)
Script is not up to date after domain reload: guid(d3b407d7cf143004f8e7f9de0969d275) path("Packages/com.unity.progrids/Editor/ProGridsEnums.cs") state(2)
Script is not up to date after domain reload: guid(71908286421424641b33861431bc9b9d) path("Packages/com.unity.probuilder/Runtime/Core/EdgeLookup.cs") state(2)
Script is not up to date after domain reload: guid(3e99f90a32784f4d9ff62732e1265f23) path("Packages/com.unity.probuilder/Editor/MenuActions/Geometry/SmartConnect.cs") state(2)
Script is not up to date after domain reload: guid(9be31b6177ca0453e928692a20b33b2c) path("Packages/com.unity.probuilder/Runtime/MeshOperations/ElementSelection.cs") state(2)
Script is not up to date after domain reload: guid(974a571913e44c97950e630fdbd7f879) path("Packages/com.unity.probuilder/Editor/EditorCore/ProBuilderToolManager.cs") state(2)
Script is not up to date after domain reload: guid(c42a9b51604094d6bbfebd218854a539) path("Packages/com.unity.probuilder/Runtime/Core/WingedEdgeEnumerator.cs") state(2)
Script is not up to date after domain reload: guid(d9ed04c4f3db58d488f75533eee62283) path("Packages/com.unity.probuilder/External/KdTree/KdTreeLib/PriorityQueue.cs") state(2)
Script is not up to date after domain reload: guid(2e8a07bcd05f44a0aa578517e042d91b) path("Packages/com.unity.probuilder/Runtime/Core/Bounds2D.cs") state(2)
Script is not up to date after domain reload: guid(518e5a76add435648813be98dd71e2f8) path("Packages/com.unity.probuilder/External/KdTree/KdTreeLib/HyperRect.cs") state(2)
Script is not up to date after domain reload: guid(caa73878d8fb64ec1b9ba323a2158672) path("Packages/com.unity.probuilder/Runtime/MeshOperations/ExtrudeElements.cs") state(2)
Script is not up to date after domain reload: guid(3e8bafb60e2ac40ef92c924f855c65b3) path("Packages/com.unity.probuilder/Runtime/Core/HandleUtility.cs") state(2)
Script is not up to date after domain reload: guid(428fa7a76260b497d8306bc5162aa463) path("Packages/com.unity.probuilder/Editor/EditorCore/EditorSnapping.cs") state(2)
Script is not up to date after domain reload: guid(c8a5a39fbad44b97b5f27e8a2e28aecf) path("Packages/com.unity.probuilder/Editor/EditorCore/pb_ObjectArray.cs") state(2)
Script is not up to date after domain reload: guid(171bb48d73467244c9487173c12e2c46) path("Packages/com.unity.probuilder/Editor/EditorCore/EntityVisibility.cs") state(2)
Script is not up to date after domain reload: guid(e7409d52cc9eb094db503a26dd4ae064) path("Packages/com.unity.probuilder/Editor/EditorCore/PolyShapeTool.cs") state(2)
Script is not up to date after domain reload: guid(4ce00895d9eb2924f8f0c484eb3879ce) path("Packages/com.unity.probuilder/Editor/MenuActions/Object/SetTrigger.cs") state(2)
Script is not up to date after domain reload: guid(40af14f295f2434f9cfda219da2645a0) path("Packages/com.unity.probuilder/Editor/MenuActions/Editors/OpenSmoothingEditor.cs") state(2)
Script is not up to date after domain reload: guid(aac023407bdc9df4db32c6aa0c29ef25) path("Packages/com.unity.probuilder/Runtime/MeshOperations/MeshTransform.cs") state(2)
Script is not up to date after domain reload: guid(98bb5d899143343ec8ccadebc268824c) path("Packages/com.unity.probuilder/Runtime/Core/ColorUtility.cs") state(2)
Script is not up to date after domain reload: guid(bedfc9d5ebff70f4896001f60a9b2790) path("Packages/com.unity.probuilder/External/Poly2Tri/Triangulation/TriangulationUtil.cs") state(2)
Script is not up to date after domain reload: guid(171420d62f80b4556a8833c039a00a3c) path("Packages/com.unity.probuilder/Runtime/Core/Smoothing.cs") state(2)
Script is not up to date after domain reload: guid(59e0185ce9cbd4517a2762cb16e1f690) path("Packages/com.unity.probuilder/Runtime/MeshOperations/VertexEditing.cs") state(2)
Script is not up to date after domain reload: guid(7b0368f3d533f4c379d9a83478864e0d) path("Packages/com.unity.probuilder/Runtime/Core/BezierShape.cs") state(2)
Script is not up to date after domain reload: guid(709975e9e21e4a52a8ea44cd4a779feb) path("Packages/com.unity.probuilder/AssetIdRemapUtility/Editor/AssetTreeView.cs") state(2)
Script is not up to date after domain reload: guid(415a296d21e75094fbcad592c4303607) path("Packages/com.unity.probuilder/Editor/MenuActions/Editors/NewPolyShapeToggle.cs") state(2)
Script is not up to date after domain reload: guid(7ea67431821494cfca380c0e07258751) path("Packages/com.unity.settings-manager/Editor/Attributes.cs") state(2)
Script is not up to date after domain reload: guid(4d1e3d0e26dcfcb438a45fbbf9f23e92) path("Packages/com.unity.probuilder/Editor/MenuActions/Geometry/CollapseVertices.cs") state(2)
Script is not up to date after domain reload: guid(0b8caa3be45dde847b41aafc7d7db796) path("Packages/com.unity.probuilder/Runtime/MeshOperations/QuadUtility.cs") state(2)
Script is not up to date after domain reload: guid(f9e45af82f3d1428f9ccc2ac15f74603) path("Packages/com.unity.probuilder/Editor/EditorCore/ProBuilderMeshEditor.cs") state(2)
Script is not up to date after domain reload: guid(ac7a7f49f26f45b29857e71b0d156fff) path("Packages/com.unity.probuilder/Editor/MenuActions/Export/ExportPly.cs") state(2)
Script is not up to date after domain reload: guid(b0c8bf4cfa4d461cb01b12bb9e3e42f9) path("Packages/com.unity.probuilder/Editor/MenuActions/Geometry/DeleteFaces.cs") state(2)
Script is not up to date after domain reload: guid(91e17c4725d568e4a8ade4766f774bfc) path("Packages/com.unity.progrids/Editor/Snapping.cs") state(2)
Script is not up to date after domain reload: guid(9ec02f5604afd41069b873611f60c719) path("Packages/com.unity.progrids/Editor/ProGridsSettingsProvider.cs") state(2)
Script is not up to date after domain reload: guid(a13a61fc9c33c4835beb1b3728c1718a) path("Packages/com.unity.probuilder/Editor/MenuActions/Interaction/ToggleHandlePivotPoint.cs") state(2)
Script is not up to date after domain reload: guid(77656e4f6ab6544caa81cbd3e5784e03) path("Packages/com.unity.probuilder/Runtime/Core/RaycastHit.cs") state(2)
Script is not up to date after domain reload: guid(2fa4bbd1a7ccee24783998770d56522e) path("Packages/com.unity.probuilder/AssetIdRemapUtility/Editor/AssetIdRemapEditor.cs") state(2)
Script is not up to date after domain reload: guid(e8fa221ea996bd7459f869e6d809a95d) path("Packages/com.unity.probuilder/External/KdTree/KdTreeLib/IKdTree.cs") state(2)
Script is not up to date after domain reload: guid(add8532bafe747b88ea53556bd2e74e8) path("Packages/com.unity.probuilder/Editor/MenuActions/Object/FlipObjectNormals.cs") state(2)
Script is not up to date after domain reload: guid(172d21c82259a0c428b3924edd908358) path("Packages/com.unity.probuilder/Editor/MenuActions/Geometry/DuplicateFaces.cs") state(2)
Script is not up to date after domain reload: guid(08b58b81e1014e9a804abb4cd35c2eb3) path("Packages/com.unity.probuilder/Runtime/Core/AssemblyInfo.cs") state(2)
Script is not up to date after domain reload: guid(5c72c2f0fd523463292dc6eeb1fd7ab0) path("Packages/com.unity.probuilder/Runtime/Core/Clipping.cs") state(2)
Script is not up to date after domain reload: guid(3abdb0569285bbf4389d38655d5a90a3) path("Packages/com.unity.probuilder/Runtime/Core/PivotPoint.cs") state(2)
Script is not up to date after domain reload: guid(563aeff009644264e815e6de1439e784) path("Packages/com.unity.probuilder/Editor/EditorCore/LicenseEditor.cs") state(2)
Script is not up to date after domain reload: guid(eba60849bb2104e85af3d2e25b022196) path("Packages/com.unity.probuilder/Runtime/Core/Spline.cs") state(2)
Script is not up to date after domain reload: guid(ffe60d522a0a4b0489a5bfe4bb6b4fb1) path("Packages/com.unity.probuilder/Editor/MenuActions/Selection/SelectSmoothingGroup.cs") state(2)
Script is not up to date after domain reload: guid(ff8eab1edc549c8489031e8b952c1b56) path("Packages/com.unity.probuilder/Editor/EditorCore/EditorToolbarLoader.cs") state(2)
Script is not up to date after domain reload: guid(9d6fbeb339bff0f4cb3744bd60aec40f) path("Packages/com.unity.probuilder/External/Poly2Tri/Triangulation/Delaunay/Sweep/AdvancingFrontNode.cs") state(2)
Script is not up to date after domain reload: guid(389ebe3277e864eb2bb6f14edb419a33) path("Packages/com.unity.probuilder/External/StlExporter/AssemblyInfo.cs") state(2)
Script is not up to date after domain reload: guid(36dfd625ac38b4b62a04264b3819dc42) path("Packages/com.unity.probuilder/Runtime/Core/IntVec4.cs") state(2)
Script is not up to date after domain reload: guid(4daa0ba8c6e93d54a9b542d76b235c55) path("Packages/com.unity.probuilder/External/KdTree/KdTreeLib/Math/TypeMath.cs") state(2)
Script is not up to date after domain reload: guid(6420831531bc2054281143153f7d6659) path("Packages/com.unity.probuilder/Editor/EditorCore/EditorSceneViewPicker.cs") state(2)
Script is not up to date after domain reload: guid(4eb4b507ff52e40f58f68c2065e32636) path("Packages/com.unity.probuilder/Runtime/Core/TriggerBehaviour.cs") state(2)
Script is not up to date after domain reload: guid(a629cb73b331b40449fd411043caf7d3) path("Packages/com.unity.probuilder/External/CSG/Classes/VertexUtility.cs") state(2)
Script is not up to date after domain reload: guid(e985069a91a74567a338b55beddbf74c) path("Packages/com.unity.probuilder/Editor/MenuActions/Editors/OpenUVEditor.cs") state(2)
Script is not up to date after domain reload: guid(bdb300e663dad44ca9f0a74c96e6f937) path("Packages/com.unity.progrids/Editor/EditorUtility.cs") state(2)
Script is not up to date after domain reload: guid(5cf10ee5e4b44eaca6e769bf235f7f5a) path("Packages/com.unity.probuilder/Editor/MenuActions/Object/MirrorObjects.cs") state(2)
Script is not up to date after domain reload: guid(48b3897a5481441a8c9468e28fd54c53) path("Packages/com.unity.probuilder/Editor/MenuActions/Export/ExportStlAscii.cs") state(2)
Script is not up to date after domain reload: guid(c33579cdea5c8442e90e443cf7bcfee9) path("Packages/com.unity.probuilder/Editor/EditorCore/Version.cs") state(2)
Script is not up to date after domain reload: guid(483554fdb1324da4ead26f33de2c9990) path("Packages/com.unity.probuilder/External/KdTree/KdTreeLib/Math/FloatMath.cs") state(2)
Script is not up to date after domain reload: guid(c7eb6fea243bbe045b0d90f776fe4013) path("Packages/com.unity.probuilder/Editor/EditorCore/MenuToolToggle.cs") state(2)
Script is not up to date after domain reload: guid(9c90a3667d9b2154bb538feb303989f8) path("Packages/com.unity.probuilder/External/Poly2Tri/Triangulation/Delaunay/Sweep/DTSweepEdgeEvent.cs") state(2)
Script is not up to date after domain reload: guid(9dc4bcf4f01eb4e34a13eb79da442b28) path("Packages/com.unity.progrids/Editor/ProGridsSceneToolbar.cs") state(2)
Script is not up to date after domain reload: guid(d1266b9f3f7ac478b97ce34f935eadc3) path("Packages/com.unity.probuilder/Editor/EditorCore/MeshAndElementSelection.cs") state(2)
Script is not up to date after domain reload: guid(1cd423070c2f8094db80d14ac61e4a89) path("Packages/com.unity.probuilder/Runtime/Core/SelectionPickerRenderer.cs") state(2)
Script is not up to date after domain reload: guid(2f90915a295ab524097b6e004b64d015) path("Packages/com.unity.probuilder/Editor/EditorCore/EditorEnum.cs") state(2)
Script is not up to date after domain reload: guid(d7bdf1318dc164d50a2e3c37cb09494a) path("Packages/com.unity.progrids/Tests/Editor/SnapOnAllAxes.cs") state(2)
Script is not up to date after domain reload: guid(19fd4a6987194c66bf04e55e19aa466b) path("Packages/com.unity.probuilder/Editor/MenuActions/Interaction/ToggleDragRectMode.cs") state(2)
Script is not up to date after domain reload: guid(c6d73444bb8cc9b468d5ff190d7de759) path("Packages/com.unity.probuilder/Editor/MenuActions/Geometry/ConnectVertices.cs") state(2)
Script is not up to date after domain reload: guid(b9ed23c5ac29d4227a634affc39ad4a4) path("Packages/com.unity.probuilder/Editor/EditorCore/PositionTool.cs") state(2)
Script is not up to date after domain reload: guid(d14f7e2694bf3944989ac7742561181c) path("Packages/com.unity.probuilder/Editor/EditorCore/CutTool.cs") state(2)
Script is not up to date after domain reload: guid(23bf380528bb14b24942fe9d5e5a3abc) path("Packages/com.unity.probuilder/Runtime/Core/Transform2D.cs") state(2)
Script is not up to date after domain reload: guid(1edc484acd18fdb42b4421d1b707caaa) path("Packages/com.unity.probuilder/Editor/EditorCore/ToolbarGroup.cs") state(2)
Script is not up to date after domain reload: guid(166872da3f949e94e9594fb2de14257d) path("Packages/com.unity.probuilder/Editor/EditorCore/ProBuilderShapeEditor.cs") state(2)
Script is not up to date after domain reload: guid(bb48793c33304c1ca4300c46c9c13b46) path("Packages/com.unity.probuilder/AssetIdRemapUtility/Editor/PackageImporter.cs") state(2)
Script is not up to date after domain reload: guid(b2fe48040b5714c059f9d4a7796cafd7) path("Packages/com.unity.probuilder/Runtime/Core/TransformUtility.cs") state(2)
Script is not up to date after domain reload: guid(a08405bf933b15f4882645f9cb359193) path("Packages/com.unity.probuilder/Editor/EditorCore/EditorStyles.cs") state(2)
Script is not up to date after domain reload: guid(53c376f349984575aa8d0dfd15cddc99) path("Packages/com.unity.probuilder/Editor/StateMachines/ShapeState_InitShape.cs") state(2)
Script is not up to date after domain reload: guid(cd9b9131766d54225a24d2221d1f49b5) path("Packages/com.unity.probuilder/Runtime/Core/IHasDefault.cs") state(2)
Script is not up to date after domain reload: guid(a893ddeb6fc42463f9d81a87e03c8455) path("Packages/com.unity.probuilder/Runtime/Core/SelectionPickerSettings.cs") state(2)
Script is not up to date after domain reload: guid(4c7381a66e715734f82749b2e115722c) path("Packages/com.unity.probuilder/External/KdTree/KdTreeLib/IPriorityQueue.cs") state(2)
Script is not up to date after domain reload: guid(d2c71b118edf0476f868fa213864aac6) path("Packages/com.unity.probuilder/Editor/EditorCore/Experimental.cs") state(2)
Script is not up to date after domain reload: guid(d0b5cffbc2ad41cb84067b39dedada94) path("Packages/com.unity.probuilder/Editor/MenuActions/Object/ProBuilderize.cs") state(2)
Script is not up to date after domain reload: guid(a943be722733e6741978a775d47f8e2c) path("Packages/com.unity.probuilder/External/Poly2Tri/Triangulation/Delaunay/Sweep/DTSweepContext.cs") state(2)
Script is not up to date after domain reload: guid(af7cbb59029d2420c960fa64da335888) path("Packages/com.unity.probuilder/Runtime/Core/SimpleTuple.cs") state(2)
Script is not up to date after domain reload: guid(fc2e025c327cbba4ca8373dd8923ff88) path("Packages/com.unity.probuilder/External/Poly2Tri/Utility/FixedArray3.cs") state(2)
Script is not up to date after domain reload: guid(dd9d2fd81ebf44cca2949d833dd3a295) path("Packages/com.unity.probuilder/Editor/StateMachines/ShapeState_DrawBaseShape.cs") state(2)
Script is not up to date after domain reload: guid(2799d938bc097b0478b150b315487a18) path("Packages/com.unity.probuilder/External/KdTree/KdTreeLib/Math/ITypeMath.cs") state(2)
Script is not up to date after domain reload: guid(e4919131c75b7914b99be1a9252658bc) path("Packages/com.unity.probuilder/Editor/EditorCore/VertexManipulationTool.cs") state(2)
Script is not up to date after domain reload: guid(0108f8c9cba0ec64cb96fa884a3478bd) path("Packages/com.unity.probuilder/Editor/EditorCore/ReflectionUtility.cs") state(2)
Script is not up to date after domain reload: guid(2b3f77c5dfa698a478ad5d291674b8a5) path("Packages/com.unity.probuilder/External/Poly2Tri/Triangulation/Delaunay/Sweep/DTSweep.cs") state(2)
Script is not up to date after domain reload: guid(f659ed41facdbb947a1ed57354dee7c8) path("Packages/com.unity.probuilder/Editor/EditorCore/ProBuilderAnalytics.cs") state(2)
Script is not up to date after domain reload: guid(b38e0917ff1e4a54292a5137af265542) path("Packages/com.unity.probuilder/Editor/EditorCore/LightmapUVEditor.cs") state(2)
Script is not up to date after domain reload: guid(1f26c4d173d1ff0488349210afd77fa2) path("Packages/com.unity.probuilder/Editor/EditorCore/EditorToolsContexts.cs") state(2)
Script is not up to date after domain reload: guid(bb7d601e6d679aa4dbd856d20dda3f74) path("Packages/com.unity.probuilder/Editor/EditorCore/LogEditor.cs") state(2)
Script is not up to date after domain reload: guid(2b43eb0a521a4a6a90bde45149e1c656) path("Packages/com.unity.probuilder/Editor/MenuActions/Editors/OpenMaterialEditor.cs") state(2)
Script is not up to date after domain reload: guid(c24f57f3f3c554e51ab791526e33e337) path("Packages/com.unity.settings-manager/Editor/UserSettings.cs") state(2)
Script is not up to date after domain reload: guid(fcbb190e55f214989942c67a845676cf) path("Packages/com.unity.probuilder/Runtime/Core/Triangle.cs") state(2)
Script is not up to date after domain reload: guid(92edb19c798910a47b4dec2660fcd96d) path("Packages/com.unity.probuilder/External/Poly2Tri/Triangulation/Sets/ConstrainedPointSet.cs") state(2)
Script is not up to date after domain reload: guid(f5f37a0a7c6f54d4995a8f0806351e89) path("Packages/com.unity.probuilder/Runtime/MeshOperations/UV/TextureStitching.cs") state(2)
Script is not up to date after domain reload: guid(13a653f5b84336c45b2c00b570775a87) path("Packages/com.unity.probuilder/External/KdTree/KdTreeLib/KdTree.cs") state(2)
Script is not up to date after domain reload: guid(5e41f6d30b7fa6543a40193098cf4eae) path("Packages/com.unity.probuilder/External/Poly2Tri/Triangulation/Util/PointGenerator.cs") state(2)
Script is not up to date after domain reload: guid(29c44195d73b34ee98215150a8031c2c) path("Packages/com.unity.probuilder/Runtime/Core/ShapeFactory.cs") state(2)
Script is not up to date after domain reload: guid(53d27af1247a7d547aa00100fae732a0) path("Packages/com.unity.probuilder/Editor/MenuActions/Interaction/ToggleHandleOrientation.cs") state(2)
Script is not up to date after domain reload: guid(7fd9f5ac1b5cea54386d6497a518c29f) path("Packages/com.unity.probuilder/Editor/EditorCore/TextureTool.cs") state(2)
Script is not up to date after domain reload: guid(2a29f58947000b048a0347b48bd16304) path("Packages/com.unity.probuilder/Editor/EditorCore/ProBuilderSettings.cs") state(2)
Script is not up to date after domain reload: guid(445a15c2908f1374a8aaad33541a66b2) path("Packages/com.unity.progrids/Tests/Runtime/IgnoreSnapInterface.cs") state(2)
Script is not up to date after domain reload: guid(957c62bbae19ee54cb800714912d2a2a) path("Packages/com.unity.probuilder/Runtime/Core/ProBuilderMeshSelection.cs") state(2)
Script is not up to date after domain reload: guid(2871f338d8894523bcde8a078df337c2) path("Packages/com.unity.probuilder/Editor/MenuActions/Geometry/FillHole.cs") state(2)
Script is not up to date after domain reload: guid(3b6cb19e1fd01b64487828605cda5643) path("Packages/com.unity.probuilder/Editor/EditorCore/ProBuilderSettingsProvider.cs") state(2)
Script is not up to date after domain reload: guid(a0ae93cadae49f8488c27d0d40da0e99) path("Packages/com.unity.probuilder/Editor/EditorCore/Lightmapping.cs") state(2)
Script is not up to date after domain reload: guid(23fb6d4a102f4c2188ef8afe61eb58e4) path("Packages/com.unity.probuilder/Editor/MenuActions/Export/ExportObj.cs") state(2)
Script is not up to date after domain reload: guid(5963564d485624ab6ad4547f9451dbe6) path("Packages/com.unity.probuilder/Runtime/MeshOperations/MeshImporter.cs") state(2)
Script is not up to date after domain reload: guid(217ead35f8b54dcda0676459e0d25fdf) path("Packages/com.unity.probuilder/Editor/StateMachines/ShapeState_DrawHeightShape.cs") state(2)
Script is not up to date after domain reload: guid(1da3e972186d944ca81f7581615c650d) path("Packages/com.unity.probuilder/Runtime/Core/EdgeUtility.cs") state(2)
Script is not up to date after domain reload: guid(fdadef59afbc0447793550ae30addc32) path("Packages/com.unity.probuilder/Runtime/Core/AutoUnwrapSettings.cs") state(2)
Script is not up to date after domain reload: guid(8b2cff15c28de0f4ba38eafc29cd64fa) path("Packages/com.unity.progrids/Editor/PreferenceKeys.cs") state(2)
Script is not up to date after domain reload: guid(d6658a80b0b3b964281a5312b39c9203) path("Packages/com.unity.probuilder/External/Poly2Tri/Triangulation/Delaunay/Sweep/DTSweepBasin.cs") state(2)
Script is not up to date after domain reload: guid(92c923034fe494e2d83cc342e7f8020b) path("Packages/com.unity.probuilder/Runtime/Core/BezierPoint.cs") state(2)
Script is not up to date after domain reload: guid(6f435ddc17924dd18782195e161766ae) path("Packages/com.unity.probuilder/Editor/MenuActions/Selection/SelectHole.cs") state(2)
Script is not up to date after domain reload: guid(4e7e1880876747d1823604bc506e3772) path("Packages/com.unity.probuilder/Editor/MenuActions/Geometry/FlipFaceEdge.cs") state(2)
Script is not up to date after domain reload: guid(5fb3641deade84f238d59ad03971b64c) path("Packages/com.unity.probuilder/Editor/MenuActions/Geometry/OffsetElements.cs") state(2)
Script is not up to date after domain reload: guid(22bc27ec00c948759f18d3b55ad227eb) path("Packages/com.unity.probuilder/Editor/MenuActions/Editors/NewShapeToggle.cs") state(2)
Script is not up to date after domain reload: guid(0c5b58425874c468e91bd42508d26f0b) path("Packages/com.unity.probuilder/Runtime/Core/Vertex.cs") state(2)
Script is not up to date after domain reload: guid(3d263593a085cdf469778e9ea07ba483) path("Packages/com.unity.probuilder/External/Poly2Tri/Triangulation/ITriangulatable.cs") state(2)
Script is not up to date after domain reload: guid(659601bba69c8e747bcc79ca9e877a2f) path("Packages/com.unity.probuilder/External/Poly2Tri/Triangulation/Delaunay/Sweep/PointOnEdgeException.cs") state(2)
Script is not up to date after domain reload: guid(8704e3cfa2526d34baf80d67fda2aa11) path("Packages/com.unity.probuilder/Editor/MenuActions/Selection/SelectRing.cs") state(2)
Script is not up to date after domain reload: guid(bb977b126bc1b4f15813dcf9da9bb600) path("Packages/com.unity.probuilder/Runtime/Core/PolyShape.cs") state(2)
Script is not up to date after domain reload: guid(9f685c26016f847298dc0af81e9322c3) path("Packages/com.unity.probuilder/Runtime/Shapes/Stairs.cs") state(2)
Script is not up to date after domain reload: guid(a9809eb838f424cce87ddc1b066c4f1a) path("Packages/com.unity.probuilder/Editor/EditorCore/ProbuilderMoveTool.cs") state(2)
Script is not up to date after domain reload: guid(13fe1d05e56c65b4ca8c935f648e6cbb) path("Packages/com.unity.probuilder/Runtime/Core/Normals.cs") state(2)
Script is not up to date after domain reload: guid(ea5ea1cec364039478a51772a04726e0) path("Packages/com.unity.probuilder/Runtime/Core/UnwrapParameters.cs") state(2)
Script is not up to date after domain reload: guid(9a0bfb7745b9acb4498a724deec39aec) path("Packages/com.unity.probuilder/Editor/EditorCore/VertexOnFaceEditor.cs") state(2)
Script is not up to date after domain reload: guid(158fff462a95744008bbad18ab5e029e) path("Packages/com.unity.probuilder/Runtime/MeshOperations/Bevel.cs") state(2)
Script is not up to date after domain reload: guid(11887933ce4b13e4f9f5ec4163298397) path("Packages/com.unity.probuilder/Runtime/Core/ArrayUtility.cs") state(2)
Script is not up to date after domain reload: guid(bed1bc9741072a14ebe8da808930d75b) path("Packages/com.unity.probuilder/Editor/EditorCore/ProBuilderMenuActionAttribute.cs") state(2)
Script is not up to date after domain reload: guid(081df46fba1da4194b5f8c7fa73446e0) path("Packages/com.unity.probuilder/Runtime/MeshOperations/ConnectElements.cs") state(2)
Script is not up to date after domain reload: guid(3033ae68453f7e54fa868c2610c9bc7d) path("Packages/com.unity.probuilder/Editor/MenuToggles/Geometry/CutToolToggle.cs") state(2)
Script is not up to date after domain reload: guid(908a5a36f516c3048abadede5920d5d7) path("Packages/com.unity.probuilder/External/KdTree/KdTreeLib/KdTreeNode.cs") state(2)
Script is not up to date after domain reload: guid(4e5c2292defe6460881281240c415f3d) path("Packages/com.unity.probuilder/Runtime/Core/VectorHash.cs") state(2)
Script is not up to date after domain reload: guid(5abceb5fc06c0954682d5b5addb0c3d4) path("Packages/com.unity.probuilder/Editor/EditorCore/EditorHandleDrawing.cs") state(2)
Script is not up to date after domain reload: guid(9d65f00b82160e14fb2ab9bb2d2108ae) path("Packages/com.unity.probuilder/Editor/EditorCore/PlyExporter.cs") state(2)
Script is not up to date after domain reload: guid(c15f177c3bca7664dba95c24a470e354) path("Packages/com.unity.probuilder/Runtime/Shapes/Plane.cs") state(2)
Script is not up to date after domain reload: guid(2abd1512cbef74d89a4b0793e3ec970b) path("Packages/com.unity.probuilder/Runtime/Core/UvAutoManualConversion.cs") state(2)
Script is not up to date after domain reload: guid(b0c5bae1215e224409318f415e45db0a) path("Packages/com.unity.probuilder/Editor/EditorCore/EntityEditor.cs") state(2)
Script is not up to date after domain reload: guid(a6f7622c6d6346cca3539de7b00556a7) path("Packages/com.unity.probuilder/Editor/MenuActions/Object/SubdivideObject.cs") state(2)
Script is not up to date after domain reload: guid(48a7fe196a624a7bae17c8621899b11c) path("Packages/com.unity.probuilder/Editor/MenuActions/Geometry/SubdivideEdges.cs") state(2)
Script is not up to date after domain reload: guid(c5b66ff70e896a64ebe5aa9cb28dd535) path("Packages/com.unity.probuilder/External/Poly2Tri/Triangulation/TriangulationAlgorithm.cs") state(2)
Script is not up to date after domain reload: guid(2d65bb50aabd144ed9c1a4c2bc6d072e) path("Packages/com.unity.settings-manager/Editor/ValueWrapper.cs") state(2)
Script is not up to date after domain reload: guid(b1602c6e6ff5bde4f9dfa91f8b5c85e4) path("Packages/com.unity.probuilder/Editor/EditorCore/UnityScenePostProcessor.cs") state(2)
Script is not up to date after domain reload: guid(a931ba2bdb160804eb3438f28aa0def3) path("Packages/com.unity.probuilder/Editor/EditorCore/EditorGUIUtility.cs") state(2)
Script is not up to date after domain reload: guid(9cfc7aced6c45c0499ba73f07e633bac) path("Packages/com.unity.probuilder/External/StlExporter/Code/pb_Stl_Exporter.cs") state(2)
Script is not up to date after domain reload: guid(914c2d056412b4f1ca64740fc2cb1c66) path("Packages/com.unity.probuilder/Runtime/Core/PreferenceKeys.cs") state(2)
Script is not up to date after domain reload: guid(018f1adb8258a4133b73805294498947) path("Packages/com.unity.settings-manager/Tests/Editor/MultipleProjectSettings.cs") state(2)
Script is not up to date after domain reload: guid(6367e9291991f466897f892a41dd75ff) path("Packages/com.unity.progrids/Editor/GridRenderer.cs") state(2)
Script is not up to date after domain reload: guid(599cab2fb037142fd9fe246b0b364bc1) path("Packages/com.unity.probuilder/Runtime/Core/ProGridsIgnoreSnap.cs") state(2)
Script is not up to date after domain reload: guid(7aeb98aaff5054383b10b45f4518f968) path("Packages/com.unity.probuilder/External/CSG/Classes/VertexAttributes.cs") state(2)
Script is not up to date after domain reload: guid(f6274bb00b150de45a17cdf581bc41f5) path("Packages/com.unity.probuilder/Editor/EditorCore/VertexPositionEditor.cs") state(2)
Script is not up to date after domain reload: guid(e8f0035a190335d408067f4bda8fbb49) path("Packages/com.unity.probuilder/Editor/EditorCore/ScriptingSymbolManager.cs") state(2)
Script is not up to date after domain reload: guid(c23e2e2798e8047eabd581579b050162) path("Packages/com.unity.probuilder/Runtime/Core/SerializationUtility.cs") state(2)
Script is not up to date after domain reload: guid(c4897f4be94b09d4a90eb6a4d9b85c55) path("Packages/com.unity.probuilder/Editor/EditorCore/HierarchyListener.cs") state(2)
Script is not up to date after domain reload: guid(a2c22c8685df2d44b943673a11597711) path("Packages/com.unity.probuilder/External/KdTree/KdTreeLib/Math/DoubleMath.cs") state(2)
Script is not up to date after domain reload: guid(b6cb3471ccbde8148a2b76fa987fa0a8) path("Packages/com.unity.progrids/Editor/AssemblyInfo.cs") state(2)
Script is not up to date after domain reload: guid(42d1d51e272f34868beefb1d9a2688f6) path("Packages/com.unity.probuilder/Runtime/Core/ProBuilderEnum.cs") state(2)
Script is not up to date after domain reload: guid(90c015bd1316c423b9aad70704f602ff) path("Packages/com.unity.probuilder/External/CSG/AssemblyInfo.cs") state(2)
Script is not up to date after domain reload: guid(4891ddee861208843a4495ed6e404a57) path("Packages/com.unity.probuilder/Editor/EditorCore/EditorGUILayout.cs") state(2)
Script is not up to date after domain reload: guid(e74c868e28c92e84abb0ae91f8496d26) path("Packages/com.unity.probuilder/External/Poly2Tri/Utility/FixedBitArray3.cs") state(2)
Script is not up to date after domain reload: guid(8b73fbc8867750541be154ed40569dea) path("Packages/com.unity.probuilder/Editor/EditorCore/HandleGUI.cs") state(2)
Script is not up to date after domain reload: guid(d9e3db3de6fd8480bb4e763ca2dcbe03) path("Packages/com.unity.probuilder/Runtime/MeshOperations/MergeElements.cs") state(2)
Script is not up to date after domain reload: guid(192dd82c3ebd3b647ae292174a2f36a6) path("Packages/com.unity.progrids/Editor/IconUtility.cs") state(2)
Script is not up to date after domain reload: guid(c3ec6d10638d94feaa03c223b6fee2cc) path("Packages/com.unity.settings-manager/Editor/UserSetting.cs") state(2)
Script is not up to date after domain reload: guid(c6624e07ef7bd4f379420666341dd539) path("Packages/com.unity.probuilder/Editor/EditorCore/AssemblyInfo.cs") state(2)
Script is not up to date after domain reload: guid(736319124efd40fda31c36ae2599181a) path("Packages/com.unity.probuilder/Editor/MenuActions/Export/Export.cs") state(2)
Script is not up to date after domain reload: guid(d9930631c9404fb0b63a91644558eb39) path("Packages/com.unity.probuilder/Editor/MenuActions/Geometry/DetachFaces.cs") state(2)
Script is not up to date after domain reload: guid(eace57ffc03f348e48d541e3ac67ae90) path("Packages/com.unity.probuilder/External/CSG/Classes/Vertex.cs") state(2)
Script is not up to date after domain reload: guid(ab8e2d6a92a04e42baab6202f8650fb3) path("Packages/com.unity.probuilder/Runtime/MeshOperations/AssemblyInfo.cs") state(2)
Script is not up to date after domain reload: guid(6d247d7d3f9b23a468d61e433994dd7b) path("Packages/com.unity.probuilder/Runtime/MeshOperations/AppendElements.cs") state(2)
Script is not up to date after domain reload: guid(add27a30fc9c74bb48a111f8b27c2c8a) path("Packages/com.unity.progrids/Editor/MenuItems.cs") state(2)
Script is not up to date after domain reload: guid(d123c179cb7a941d0993a60fe2e20cff) path("Packages/com.unity.probuilder/Editor/EditorCore/VertexManipulationToolSettings.cs") state(2)
Script is not up to date after domain reload: guid(916d519062254e79b6adc87200d2c142) path("Packages/com.unity.probuilder/Editor/MenuActions/Object/ConformObjectNormals.cs") state(2)
Script is not up to date after domain reload: guid(bb36fee1f817e4860a9937f064b1a192) path("Packages/com.unity.probuilder/Runtime/MeshOperations/CombineMeshes.cs") state(2)
Script is not up to date after domain reload: guid(e6d7500d036914f3b9768689959295b4) path("Packages/com.unity.probuilder/External/Poly2Tri/AssemblyInfo.cs") state(2)
Script is not up to date after domain reload: guid(d540a5c12642c5e40ba3b88fc8ae6c50) path("Packages/com.unity.probuilder/Editor/EditorCore/TooltipEditor.cs") state(2)
Script is not up to date after domain reload: guid(848eabc153ab891409f3d562463a0efe) path("Packages/com.unity.probuilder/External/Poly2Tri/Triangulation/TriangulationContext.cs") state(2)
Script is not up to date after domain reload: guid(a9ea06f47bdbe427294162ab3d8e4ef3) path("Packages/com.unity.probuilder/Runtime/MeshOperations/InternalMeshUtility.cs") state(2)
Script is not up to date after domain reload: guid(a84ca2d947f34a09bd44bc592e22d49c) path("Packages/com.unity.probuilder/AssetIdRemapUtility/Editor/AssemblyInfo.cs") state(2)
Script is not up to date after domain reload: guid(eff25082b866e6d468d04fc8a3f22e71) path("Packages/com.unity.probuilder/Editor/EditorCore/MenuActionStyles.cs") state(2)
Script is not up to date after domain reload: guid(d4e65de48089c1f428c3752b69114f23) path("Packages/com.unity.progrids/Editor/Version.cs") state(2)
Script is not up to date after domain reload: guid(4bddc56d76fd9ac49afc63c7dc797ace) path("Packages/com.unity.progrids/Tests/Editor/ReflectedMethodExist.cs") state(2)
Script is not up to date after domain reload: guid(a581c9a381f68455db0779169a94180c) path("Packages/com.unity.probuilder/Runtime/Core/SelectionModifierBehaviour.cs") state(2)
Script is not up to date after domain reload: guid(f3ab6033657acd04e93e395ba82570ef) path("Packages/com.unity.probuilder/Editor/EditorCore/ConfigurableWindow.cs") state(2)
Script is not up to date after domain reload: guid(4ce1c67454d65d14eb3eae2f44b0ffa7) path("Packages/com.unity.probuilder/AssetIdRemapUtility/Editor/AssetId.cs") state(2)
Script is not up to date after domain reload: guid(1356ec15a14344c2f92417f250ccceae) path("Packages/com.unity.probuilder/Runtime/Shapes/Cube.cs") state(2)
Script is not up to date after domain reload: guid(cd9c9830c34380541ba162a9751bfb4e) path("Packages/com.unity.probuilder/Runtime/Shapes/Arch.cs") state(2)
Script is not up to date after domain reload: guid(1113544478cee6a4caafac0b3b7a06f1) path("Packages/com.unity.probuilder/Runtime/Core/MeshHandle.cs") state(2)
Script is not up to date after domain reload: guid(5f130a448e6f0cc45bacc05a4653fc41) path("Packages/com.unity.probuilder/Runtime/Core/SelectionPickerRendererHDRP.cs") state(2)
Script is not up to date after domain reload: guid(b7bd43b2e3e547199420eec1d903ff30) path("Packages/com.unity.probuilder/Editor/MenuActions/Geometry/BevelEdges.cs") state(2)
Script is not up to date after domain reload: guid(cc6c734d87394ef99cf62171eb6fe416) path("Packages/com.unity.probuilder/Editor/MenuActions/Object/FreezeTransform.cs") state(2)
Script is not up to date after domain reload: guid(a91947f03a49147a49e5f05ea5737edc) path("Packages/com.unity.probuilder/Runtime/Core/Log.cs") state(2)
Script is not up to date after domain reload: guid(cd4d30ee1f2db48c6be97ed8d2fc9da4) path("Packages/com.unity.probuilder/Runtime/Core/EntityBehaviour.cs") state(2)
Script is not up to date after domain reload: guid(fe5e031b8d5fd9d43b054ae08c843652) path("Packages/com.unity.probuilder/External/Poly2Tri/Triangulation/Delaunay/Sweep/DTSweepDebugContext.cs") state(2)
Script is not up to date after domain reload: guid(943eceaffe7b13b43bc1b1c129082f62) path("Packages/com.unity.probuilder/Runtime/Core/VertexPositioning.cs") state(2)
Script is not up to date after domain reload: guid(51cb791f07b14fc08dd10dd56890d5c0) path("Packages/com.unity.probuilder/Editor/MenuActions/Selection/SelectMaterial.cs") state(2)
Script is not up to date after domain reload: guid(b6f090373ec944f59a5423f485b2a776) path("Packages/com.unity.probuilder/Runtime/Shapes/Shape.cs") state(2)
Script is not up to date after domain reload: guid(267c7f09b45427d4596b29d4c39055fa) path("Packages/com.unity.probuilder/External/Poly2Tri/Triangulation/TriangulationPoint.cs") state(2)
Script is not up to date after domain reload: guid(b300db76e48084b5680ab36214d3bea3) path("Packages/com.unity.probuilder/Runtime/MeshOperations/DeleteElements.cs") state(2)
Script is not up to date after domain reload: guid(5f3c839e57094cf6b2e99af5515b2ca0) path("Packages/com.unity.probuilder/Editor/MenuActions/Selection/SelectEdgeLoop.cs") state(2)
Script is not up to date after domain reload: guid(a4bb8ac278d3433ca7313bb5f90a2c52) path("Packages/com.unity.probuilder/Editor/MenuActions/Selection/ShrinkSelection.cs") state(2)
Script is not up to date after domain reload: guid(ed8e5003f1d14f718326765fbb042572) path("Packages/com.unity.probuilder/Editor/MenuActions/Editors/NewBezierShape.cs") state(2)
Script is not up to date after domain reload: guid(38d00192cfb7943ebaa2898af4577852) path("Packages/com.unity.probuilder/Runtime/Core/SelectionPicker.cs") state(2)
Script is not up to date after domain reload: guid(9eda47df4ab94d8a8174832a11359a8a) path("Packages/com.unity.probuilder/Editor/MenuActions/Geometry/ConnectEdges.cs") state(2)
Script is not up to date after domain reload: guid(485f27eb54532614d89e7e2dc5c9aebc) path("Packages/com.unity.progrids/Editor/SnapSettings.cs") state(2)
Script is not up to date after domain reload: guid(efd5cca1cb8dabd418d215e770d3fb01) path("Packages/com.unity.probuilder/Runtime/Core/VectorMask.cs") state(2)
Script is not up to date after domain reload: guid(6c262c1329a02fa49b5cb4c297106f3f) path("Packages/com.unity.probuilder/Editor/EditorCore/ProBuilderEditor.cs") state(2)
Script is not up to date after domain reload: guid(4746bcae5f2c20c4db633d37d4a2901d) path("Packages/com.unity.probuilder/Editor/EditorCore/EntityUtility.cs") state(2)
Script is not up to date after domain reload: guid(2efa3d03c26294747aaa61c2a09ac41f) path("Packages/com.unity.probuilder/External/Poly2Tri/Triangulation/Delaunay/Sweep/DTSweepConstraint.cs") state(2)
Script is not up to date after domain reload: guid(7ebc93f048090074f80a100718d5a585) path("Packages/com.unity.probuilder/Editor/EditorCore/TextureMoveTool.cs") state(2)
Script is not up to date after domain reload: guid(a0ed74e97865f42cfbce844278aa8b52) path("Packages/com.unity.probuilder/Runtime/MeshOperations/UV/UVEditing.cs") state(2)
Script is not up to date after domain reload: guid(22ff4377d8be47cdacb8aefc715b08c4) path("Packages/com.unity.progrids/Editor/Defaults.cs") state(2)
Script is not up to date after domain reload: guid(3f1ca63a91b17724bbd99c8fa67e0180) path("Packages/com.unity.probuilder/Editor/EditorCore/MaterialPalette.cs") state(2)
Script is not up to date after domain reload: guid(08c8ab0f8013d492eb6d0d78a261f745) path("Packages/com.unity.probuilder/Runtime/MeshOperations/Subdivision.cs") state(2)
Script is not up to date after domain reload: guid(c8e7f2a60420444ba31322510285d625) path("Packages/com.unity.probuilder/Editor/MenuActions/Editors/OpenVertexColorEditor.cs") state(2)
Script is not up to date after domain reload: guid(460d1e5b4c054bfc8d012b87f9960bb9) path("Packages/com.unity.probuilder/Editor/MenuActions/Object/CenterPivot.cs") state(2)
Script is not up to date after domain reload: guid(53aa5497892312842a4c059529cd2397) path("Packages/com.unity.probuilder/External/Poly2Tri/Triangulation/Delaunay/Sweep/AdvancingFront.cs") state(2)
Script is not up to date after domain reload: guid(a34d12b3d3eeda641bac82627738a726) path("Packages/com.unity.probuilder/External/Poly2Tri/Polygon/PolygonPoint.cs") state(2)
Script is not up to date after domain reload: guid(08ab9a4e4186d164cb67bda77d36ff4c) path("Packages/com.unity.probuilder/Editor/EditorCore/PreferenceDictionaryEditor.cs") state(2)
Script is not up to date after domain reload: guid(e72ef48ce83a1ef4c9757c374633ea12) path("Packages/com.unity.probuilder/Editor/EditorCore/SceneDragAndDropListener.cs") state(2)
Script is not up to date after domain reload: guid(9be09300178708d4aaa608eed9697f1c) path("Packages/com.unity.probuilder/Editor/EditorCore/MaterialEditor.cs") state(2)
Script is not up to date after domain reload: guid(7dc1dc9c919fa434c915ad64201952dd) path("Packages/com.unity.probuilder/External/StlExporter/Code/pb_Stl_Importer.cs") state(2)
Script is not up to date after domain reload: guid(0e04a5f326f647a40badbac91f38a704) path("Packages/com.unity.probuilder/Editor/StateMachines/ShapeState.cs") state(2)
Script is not up to date after domain reload: guid(09410b7978d32924c90d84fa25a07f4a) path("Packages/com.unity.probuilder/External/Poly2Tri/P2T.cs") state(2)
Script is not up to date after domain reload: guid(aa15474f4b771974c86469106f4a4cb3) path("Packages/com.unity.probuilder/Editor/EditorCore/PolyShapeEditor.cs") state(2)
Script is not up to date after domain reload: guid(e91b0af086a401648866099dfaf3e377) path("Packages/com.unity.probuilder/Editor/EditorCore/ProGridsInterface.cs") state(2)
Script is not up to date after domain reload: guid(bec5fadb27a8bd249a3d1051e2e8f970) path("Packages/com.unity.probuilder/Editor/EditorCore/MeshSelection.cs") state(2)
Script is not up to date after domain reload: guid(74e7658b6a583464fa496ffe540ef91f) path("Packages/com.unity.probuilder/Editor/EditorCore/AutoUVEditor.cs") state(2)
Script is not up to date after domain reload: guid(90d02d4062a613d43bc5e9309ec8ae8f) path("Packages/com.unity.probuilder/Runtime/Shapes/Prism.cs") state(2)
Script is not up to date after domain reload: guid(bdc593ceb4be46bfab31b9c445ec89a2) path("Packages/com.unity.probuilder/Editor/MenuActions/Geometry/SubdivideFaces.cs") state(2)
Script is not up to date after domain reload: guid(f7ba37814af43bf41810a98b5811dee1) path("Packages/com.unity.progrids/Tests/Editor/IgnoreInterfaceIsRespected.cs") state(2)
Script is not up to date after domain reload: guid(3a73369e033539a42ae8067a8fa967c0) path("Packages/com.unity.probuilder/External/Poly2Tri/Polygon/PolygonSet.cs") state(2)
Script is not up to date after domain reload: guid(52ebe52d390074084bebc0878e3f74b6) path("Packages/com.unity.probuilder/External/CSG/Classes/Polygon.cs") state(2)
Script is not up to date after domain reload: guid(2665d2fb2b90b4916bfb3868cda99ea3) path("Packages/com.unity.probuilder/External/CSG/Classes/Plane.cs") state(2)
Script is not up to date after domain reload: guid(cf31008f4dc1fb548a315685bb054730) path("Packages/com.unity.probuilder/Runtime/Core/SelectPathFaces.cs") state(2)
Script is not up to date after domain reload: guid(1fdc9faa599347a3b697e785ac4719b3) path("Packages/com.unity.probuilder/Editor/MenuActions/Geometry/ConformFaceNormals.cs") state(2)
Script is not up to date after domain reload: guid(c851f089cbc73c141be8cc62b5dc057a) path("Packages/com.unity.probuilder/Editor/MenuActions/Editors/OpenLightmapUVEditor.cs") state(2)
Script is not up to date after domain reload: guid(767365db77168f744af8685807ad7f4b) path("Packages/com.unity.settings-manager/Tests/Editor/SettingsTests.cs") state(2)
Script is not up to date after domain reload: guid(244d57cf7fd6842e19000793e2bbac4e) path("Packages/com.unity.progrids/Tests/Editor/IgnoreAttributeIsRespected.cs") state(2)
Script is not up to date after domain reload: guid(0c114c138e13b8248ae37c8cf12c6979) path("Packages/com.unity.probuilder/Editor/EditorCore/StripProBuilderScripts.cs") state(2)
Script is not up to date after domain reload: guid(67c0fca06520e4f78923163f9541ba6c) path("Packages/com.unity.settings-manager/Editor/SettingsDictionary.cs") state(2)
Script is not up to date after domain reload: guid(b3983d7c6b954ee69e23e75009a8b81d) path("Packages/com.unity.probuilder/Editor/MenuActions/Object/TriangulateObject.cs") state(2)
Script is not up to date after domain reload: guid(2347b9342bafaa845b0b25387d6fa381) path("Packages/com.unity.probuilder/Runtime/Core/SelectionPickerRendererStandard.cs") state(2)
Script is not up to date after domain reload: guid(223e1a5330ab8468782152a65e857f94) path("Packages/com.unity.settings-manager/Editor/SettingsGUILayout.cs") state(2)
Script is not up to date after domain reload: guid(19a8719bbc0e11f46b9cd7b9debdfc12) path("Packages/com.unity.progrids/Editor/Preferences.cs") state(2)
Script is not up to date after domain reload: guid(214db8084d63e06499f41c215a8547a4) path("Packages/com.unity.probuilder/Runtime/MeshOperations/SurfaceTopology.cs") state(2)
Script is not up to date after domain reload: guid(c339ea7067e6fcd459cb4eac2f0dafb1) path("Packages/com.unity.probuilder/Editor/MenuActions/Geometry/SplitVertices.cs") state(2)
Script is not up to date after domain reload: guid(8233d90336aea43098adf6dbabd606a2) path("Packages/com.unity.probuilder/Runtime/Core/ProBuilderMesh.cs") state(2)
Script is not up to date after domain reload: guid(752d48e9eaa76c54ba0ff161eff2a3f2) path("Packages/com.unity.probuilder/Editor/MenuActions/Object/GenerateUV2.cs") state(2)
Script is not up to date after domain reload: guid(5b6fe112f5d10423ab960f97d7b6e699) path("Packages/com.unity.probuilder/External/CSG/Classes/Node.cs") state(2)
Script is not up to date after domain reload: guid(b04279a9fe7348798c260ea6516c1a4c) path("Packages/com.unity.probuilder/Editor/MenuActions/Export/ExportStlBinary.cs") state(2)
Script is not up to date after domain reload: guid(c9e17f9cc89704707b15d2340fd8a585) path("Packages/com.unity.probuilder/Editor/EditorCore/MenuActionShortcutAttribute.cs") state(2)
Script is not up to date after domain reload: guid(50a4f82d9b25145fb91d03a7bef21d24) path("Packages/com.unity.probuilder/Editor/EditorCore/EditorHandleDrawingScopes.cs") state(2)
Script is not up to date after domain reload: guid(a62bb434134faa6439b1998669525768) path("Packages/com.unity.probuilder/Editor/MenuActions/Geometry/WeldVertices.cs") state(2)
Refreshing native plugins compatible for Editor in 0.45 ms, found 2 plugins.
Preloading 0 native plugins for Editor in 0.00 ms.
Unloading 1385 Unused Serialized files (Serialized files now loaded: 0)
System memory in use before: 69.6 MB.
System memory in use after: 69.7 MB.

Unloading 14 unused Assets to reduce memory usage. Loaded Objects now: 1876.
Total: 1.815500 ms (FindLiveObjects: 0.155100 ms CreateObjectMapping: 0.047400 ms MarkObjects: 1.552500 ms  DeleteObjects: 0.059500 ms)

========================================================================
Received Prepare
Registering precompiled user dll's ...
Registered in 0.004570 seconds.
Begin MonoManager ReloadAssembly
Native extension for WindowsStandalone target not found
Refreshing native plugins compatible for Editor in 0.46 ms, found 2 plugins.
Preloading 0 native plugins for Editor in 0.00 ms.
Warning: Annotation not found!
UnityEngine.StackTraceUtility:ExtractStackTrace ()
UnityEditor.ProBuilder.EditorUtility:SetGizmoIconEnabled (System.Type,bool) (at Library/PackageCache/com.unity.probuilder@5.0.3/Editor/EditorCore/EditorUtility.cs:575)
UnityEditor.ProBuilder.HierarchyListener:.cctor () (at Library/PackageCache/com.unity.probuilder@5.0.3/Editor/EditorCore/HierarchyListener.cs:21)
System.Runtime.CompilerServices.RuntimeHelpers:RunClassConstructor (System.RuntimeTypeHandle)
UnityEditor.EditorAssemblies:ProcessInitializeOnLoadAttributes (System.Type[])

[Library/PackageCache/com.unity.probuilder@5.0.3/Editor/EditorCore/EditorUtility.cs line 575]

Mono: successfully reloaded assembly
- Completed reload, in  1.279 seconds
Platform modules already initialized, skipping
Refreshing native plugins compatible for Editor in 0.48 ms, found 2 plugins.
Preloading 0 native plugins for Editor in 0.00 ms.
Unloading 1804 Unused Serialized files (Serialized files now loaded: 0)
System memory in use before: 85.7 MB.
System memory in use after: 83.7 MB.

Unloading 35 unused Assets to reduce memory usage. Loaded Objects now: 2278.
Total: 3.903600 ms (FindLiveObjects: 0.182900 ms CreateObjectMapping: 0.064300 ms MarkObjects: 2.271800 ms  DeleteObjects: 1.383600 ms)

========================================================================
Received Import Request.
  Time since last request: 1244.095735 seconds.
  path: Assets/AssetStoreOriginals/_SNAPS_PrototypingAssets/About/Readme.asset
  artifactKey: Guid(83c2ed844a8c74b779a4c823d16594b1) Importer(815301076,1909f56bfc062723c751e8b465ee728b)
Start importing Assets/AssetStoreOriginals/_SNAPS_PrototypingAssets/About/Readme.asset using Guid(83c2ed844a8c74b779a4c823d16594b1) Importer(815301076,1909f56bfc062723c751e8b465ee728b)  -> (artifact id: 'cf2ebd2844e1cee09475f357c3afb310') in 0.025525 seconds
  Import took 0.032849 seconds .

AssetImportWorkerClient::OnTransportError - code=2 error=End of file
